INFO: [HLS 200-10] Running 'C:/Xilinx/Vivado/2020.1/bin/unwrapped/win64.o/vivado_hls.exe'
INFO: [HLS 200-10] For user 'p' on host 'desktop-c17glm8' (Windows NT_amd64 version 6.2) on Tue Nov 10 19:29:07 +0800 2020
INFO: [HLS 200-10] In directory 'C:/Users/p/Desktop/source2/source2/PYNQ/hls'
Sourcing Tcl script 'C:/Users/p/Desktop/source2/source2/PYNQ/hls/conv_core/solution1/export.tcl'
INFO: [HLS 200-10] Opening project 'C:/Users/p/Desktop/source2/source2/PYNQ/hls/conv_core'.
INFO: [HLS 200-10] Opening solution 'C:/Users/p/Desktop/source2/source2/PYNQ/hls/conv_core/solution1'.
INFO: [SYN 201-201] Setting up clock 'default' with a period of 10ns.
INFO: [HLS 200-10] Setting target device to 'xc7z010-clg400-1'
INFO: [IMPL 213-8] Exporting RTL as a Vivado IP.

****** Vivado v2020.1 (64-bit)
  **** SW Build 2902540 on Wed May 27 19:54:49 MDT 2020
  **** IP Build 2902112 on Wed May 27 22:43:36 MDT 2020
    ** Copyright 1986-2020 Xilinx, Inc. All Rights Reserved.

source run_ippack.tcl -notrace
INFO: [IP_Flow 19-234] Refreshing IP repositories
INFO: [IP_Flow 19-1704] No user IP repositories specified
INFO: [IP_Flow 19-2313] Loaded Vivado IP repository 'C:/Xilinx/Vivado/2020.1/data/ip'.
WARNING: [IP_Flow 19-4832] The IP name 'Conv_ap_fadd_3_full_dsp_32' you have specified is long. The Windows operating system has path length limitations. It is recommended you use shorter names to reduce the likelihood of issues.
INFO: [IP_Flow 19-1686] Generating 'Synthesis' target for IP 'Conv_ap_fadd_3_full_dsp_32'...
INFO: [IP_Flow 19-1686] Generating 'Simulation' target for IP 'Conv_ap_fadd_3_full_dsp_32'...
INFO: [IP_Flow 19-1686] Generating 'Synthesis' target for IP 'Conv_ap_fcmp_0_no_dsp_32'...
INFO: [IP_Flow 19-1686] Generating 'Simulation' target for IP 'Conv_ap_fcmp_0_no_dsp_32'...
INFO: [IP_Flow 19-1686] Generating 'Synthesis' target for IP 'Conv_ap_fmul_2_max_dsp_32'...
INFO: [IP_Flow 19-1686] Generating 'Simulation' target for IP 'Conv_ap_fmul_2_max_dsp_32'...
INFO: [IP_Flow 19-234] Refreshing IP repositories
INFO: [IP_Flow 19-1704] No user IP repositories specified
INFO: [IP_Flow 19-2313] Loaded Vivado IP repository 'C:/Xilinx/Vivado/2020.1/data/ip'.
INFO: [Common 17-206] Exiting Vivado at Tue Nov 10 19:29:34 2020...
