INFO-FLOW: Workspace C:/Users/p/Desktop/source2/source2/PYNQ/hls/conv_core/solution1 opened at Tue Nov 10 19:25:32 +0800 2020
Execute     config_clock -quiet -name default -period 10 -default=false 
INFO: [SYN 201-201] Setting up clock 'default' with a period of 10ns.
Execute     open_platform DefaultPlatform 
Execute     import_lib C:/Xilinx/Vivado/2020.1/common/technology/xilinx/zynq/zynq 
Execute       source C:/Xilinx/Vivado/2020.1/common/technology/xilinx/common/xilinx.lib 
Execute         source C:/Xilinx/Vivado/2020.1/common/technology/xilinx/interface/xilinx_interface.lib 
Execute           source C:/Xilinx/Vivado/2020.1/common/technology/xilinx/interface/plb46.lib 
Execute           source C:/Xilinx/Vivado/2020.1/common/technology/xilinx/interface/fsl.lib 
Execute           source C:/Xilinx/Vivado/2020.1/common/technology/xilinx/interface/axi4.lib 
Execute           source C:/Xilinx/Vivado/2020.1/common/technology/xilinx/interface/maxi.lib 
Execute           source C:/Xilinx/Vivado/2020.1/common/technology/xilinx/interface/saxilite.lib 
Execute         source C:/Xilinx/Vivado/2020.1/common/technology/xilinx/common/dsp48.lib 
Execute         source C:/Xilinx/Vivado/2020.1/common/technology/xilinx/ip/dds_compiler.lib 
Execute         source C:/Xilinx/Vivado/2020.1/common/technology/xilinx/ip/xfft.lib 
Execute         source C:/Xilinx/Vivado/2020.1/common/technology/xilinx/ip/xfir.lib 
Execute       source C:/Xilinx/Vivado/2020.1/common/technology/xilinx/common/xilinx.hlp 
Execute         source C:/Xilinx/Vivado/2020.1/common/technology/xilinx/common/target_info.tcl 
Execute         source C:/Xilinx/Vivado/2020.1/common/technology/xilinx/interface/xilinx_interface.hlp 
Execute           source C:/Xilinx/Vivado/2020.1/common/technology/xilinx/interface/maxi.hlp 
Execute           source C:/Xilinx/Vivado/2020.1/common/technology/xilinx/interface/saxilite.hlp 
Execute         source C:/Xilinx/Vivado/2020.1/common/technology/xilinx/common/dsp48.hlp 
Execute       source C:/Xilinx/Vivado/2020.1/common/technology/xilinx/zynq/dsp48e1.hlp 
Execute       source C:/Xilinx/Vivado/2020.1/common/technology/xilinx/common/xilinx.hlp 
Execute         source C:/Xilinx/Vivado/2020.1/common/technology/xilinx/common/target_info.tcl 
Execute         source C:/Xilinx/Vivado/2020.1/common/technology/xilinx/interface/xilinx_interface.hlp 
Execute           source C:/Xilinx/Vivado/2020.1/common/technology/xilinx/interface/maxi.hlp 
Execute           source C:/Xilinx/Vivado/2020.1/common/technology/xilinx/interface/saxilite.hlp 
Execute         source C:/Xilinx/Vivado/2020.1/common/technology/xilinx/common/dsp48.hlp 
Execute     source C:/Xilinx/Vivado/2020.1/common/technology/xilinx/zynq/zynq.gen 
Execute       source C:/Xilinx/Vivado/2020.1/common/technology/xilinx/common/xilinx.gen 
Execute         source C:/Xilinx/Vivado/2020.1/common/technology/xilinx/interface/plb46.gen 
Execute         source C:/Xilinx/Vivado/2020.1/common/technology/xilinx/interface/fsl.gen 
Execute         source C:/Xilinx/Vivado/2020.1/common/technology/xilinx/interface/axi4.gen 
Execute         source C:/Xilinx/Vivado/2020.1/common/technology/xilinx/interface/nativeAXI4.gen 
Execute           source C:/Xilinx/Vivado/2020.1/common/technology/xilinx/interface/saxilite.gen 
Execute           source C:/Xilinx/Vivado/2020.1/common/technology/xilinx/interface/maxi.gen 
Execute         source C:/Xilinx/Vivado/2020.1/common/technology/xilinx/scripts/xilinxcoregen.gen 
Execute         source C:/Xilinx/Vivado/2020.1/common/technology/xilinx/interface/XilEDKCoreGen.gen 
Execute         source C:/Xilinx/Vivado/2020.1/common/technology/xilinx/ip/dds_compiler.gen 
Execute         source C:/Xilinx/Vivado/2020.1/common/technology/xilinx/ip/util.gen 
Execute         source C:/Xilinx/Vivado/2020.1/common/technology/xilinx/ip/xfft.gen 
Execute         source C:/Xilinx/Vivado/2020.1/common/technology/xilinx/ip/xfir.gen 
Execute         source C:/Xilinx/Vivado/2020.1/common/technology/xilinx/common/dsp48.gen 
Command       ap_source done; 0.145 sec.
Command     ap_source done; 0.145 sec.
Execute     open_platform DefaultPlatform 
Execute     import_lib C:/Xilinx/Vivado/2020.1/common/technology/xilinx/zynq/zynq_fpv6 
Execute       source C:/Xilinx/Vivado/2020.1/common/technology/xilinx/common/xilinx_fp.lib 
Execute       source C:/Xilinx/Vivado/2020.1/common/technology/xilinx/common/xilinx_fp.hlp 
Execute         source C:/Xilinx/Vivado/2020.1/common/technology/xilinx/common/xilinx.hlp 
Execute           source C:/Xilinx/Vivado/2020.1/common/technology/xilinx/common/target_info.tcl 
Execute           source C:/Xilinx/Vivado/2020.1/common/technology/xilinx/interface/xilinx_interface.hlp 
Execute             source C:/Xilinx/Vivado/2020.1/common/technology/xilinx/interface/maxi.hlp 
Execute             source C:/Xilinx/Vivado/2020.1/common/technology/xilinx/interface/saxilite.hlp 
Execute           source C:/Xilinx/Vivado/2020.1/common/technology/xilinx/common/dsp48.hlp 
Execute     source C:/Xilinx/Vivado/2020.1/common/technology/xilinx/zynq/zynq_fpv6.gen 
Execute       source C:/Xilinx/Vivado/2020.1/common/technology/xilinx/common/xilinx_fp.gen 
Execute     set_part xc7z010-clg400-1 
Execute       ap_part_info -name xc7z010-clg400-1 -data single -quiet 
Command       ap_part_info done; 1.248 sec.
Execute       ap_part_info -name xc7z010-clg400-1 -data info 
Execute       add_library xilinx/zynq/zynq:xc7z010:-clg400:-1 
Execute         get_default_platform 
Execute         ap_part_info -data single -name xc7z010-clg400-1 
Execute         ap_part_info -name xc7z010-clg400-1 -data resources 
Execute         ap_part_info -name xc7z010-clg400-1 -data info 
Execute         ap_part_info -name xc7z010-clg400-1 -data info 
Execute         config_chip_info -quiet -resource {SLICE 4400} {LUT 17600} {FF 35200} {DSP48E 80} {BRAM 120} {URAM 0} 
Execute         ap_part_info -name xc7z010-clg400-1 -data info 
Execute         config_chip_info -quiet -speed slow 
Command       add_library done; 0.131 sec.
Execute       add_library xilinx/zynq/zynq_fpv6 
Execute         get_default_platform 
INFO: [HLS 200-10] Setting target device to 'xc7z010-clg400-1'
Execute       ap_part_info -name xc7z010-clg400-1 -data info 
Execute       get_default_platform 
Command     set_part done; 1.543 sec.
Execute     ap_part_info -data single -name xc7z010-clg400-1 
Execute     ap_part_info -name xc7z010-clg400-1 -data resources 
Execute     ap_part_info -name xc7z010-clg400-1 -data info 
Execute     ap_part_info -name xc7z010-clg400-1 -data info 
Execute     config_chip_info -quiet -resource {SLICE 4400} {LUT 17600} {FF 35200} {DSP48E 80} {BRAM 120} {URAM 0} 
Execute     ap_part_info -name xc7z010-clg400-1 -data info 
Execute     config_chip_info -quiet -speed slow 
Command   open_solution done; 1.845 sec.
Execute   set_part xc7z010clg400-1 
Execute     ap_part_info -name xc7z010clg400-1 -data single -quiet 
Execute     ap_part_info -name xc7z010clg400-1 -data info 
Execute     add_library xilinx/zynq/zynq:xc7z010:-clg400:-1 
Execute       get_default_platform 
Execute       ap_part_info -data single -name xc7z010-clg400-1 
Execute       ap_part_info -name xc7z010-clg400-1 -data resources 
Execute       ap_part_info -name xc7z010-clg400-1 -data info 
Execute       ap_part_info -name xc7z010-clg400-1 -data info 
Execute       config_chip_info -quiet -resource {SLICE 4400} {LUT 17600} {FF 35200} {DSP48E 80} {BRAM 120} {URAM 0} 
Execute       ap_part_info -name xc7z010-clg400-1 -data info 
Execute       config_chip_info -quiet -speed slow 
Command     add_library done; 0.101 sec.
Execute     add_library xilinx/zynq/zynq_fpv6 
Execute       get_default_platform 
Execute     ap_part_info -name xc7z010-clg400-1 -data info 
Execute     get_default_platform 
Command   set_part done; 0.254 sec.
Execute   create_clock -period 10 -name default 
Execute   csynth_design 
Execute     get_config_compile -dump_cfg 
Execute     get_config_compile -effort 
Execute     get_config_compile -enable_clang39 
Execute     get_config_compile -g 
Execute     get_config_compile -ng 
Execute     get_config_compile -opt_fp 
Execute     get_config_compile -skip_cdt 
Execute     get_config_compile -skip_syncheck 
Execute     get_config_compile -skip_transform 
Execute     get_config_compile -keep_printf 
Execute     elaborate -effort=medium -skip_syncheck=0 -keep_printf=0 -skip_cdt=0 -skip_transform=0 -ng=0 -g=0 -opt_fp=0 -from_csynth_design=1 
Execute       get_config_schedule -relax_ii_for_timing 
INFO: [SCHED 204-61] Option 'relax_ii_for_timing' is enabled, will increase II to preserve clock frequency constraints.
Execute       get_config_schedule -suppress_dependence_error_break 
INFO: [HLS 200-10] Analyzing design file 'conv_core/conv_core.cpp' ... 
INFO-FLOW: Compiling one TU...
Execute       is_m_axi_addr64 
INFO-FLOW: Handling conv_core/conv_core.cpp as C++
Execute       ap_part_info -name xc7z010-clg400-1 -data info 
Execute       is_encrypted conv_core/conv_core.cpp 
Execute       ap_part_info -name xc7z010-clg400-1 -data info 
INFO-FLOW: Running: GCC PP
INFO-FLOW: Source preprocessing
Execute       clang  -fno-limit-debug-info -gcc-toolchain "C:/Xilinx/Vivado/2020.1/msys" -hls  -fno-exceptions  -D__llvm__  -E "conv_core/conv_core.cpp"     -fno-math-errno -c -emit-llvm -O0  -mllvm -disable-llvm-optzns -fno-threadsafe-statics  -fno-use-cxa-atexit  -fno-threadsafe-statics -fno-use-cxa-atexit -D__CLANG_3_1__ -D__cdecl= -DAESL_SYN -D__SYNTHESIS__ -D__HLS_SYN__ -I "C:/Xilinx/Vivado/2020.1/common/technology/autopilot" -I "C:/Xilinx/Vivado/2020.1/common/technology/autopilot/ap_sysc" -include etc/autopilot_ssdm_op.h -D__DSP48E1__  -o "C:/Users/p/Desktop/source2/source2/PYNQ/hls/conv_core/solution1/.autopilot/db/conv_core.pp.0.cpp" 
INFO-FLOW: exec C:/Xilinx/Vivado/2020.1/win64/tools/clang/bin/clang -fno-limit-debug-info -gcc-toolchain C:/Xilinx/Vivado/2020.1/msys -hls -fno-exceptions -D__llvm__ -E conv_core/conv_core.cpp -fno-math-errno -c -emit-llvm -O0 -mllvm -disable-llvm-optzns -fno-threadsafe-statics -fno-use-cxa-atexit -fno-threadsafe-statics -fno-use-cxa-atexit -D__CLANG_3_1__ -D__cdecl= -DAESL_SYN -D__SYNTHESIS__ -D__HLS_SYN__ -I C:/Xilinx/Vivado/2020.1/common/technology/autopilot -I C:/Xilinx/Vivado/2020.1/common/technology/autopilot/ap_sysc -include etc/autopilot_ssdm_op.h -D__DSP48E1__ -o C:/Users/p/Desktop/source2/source2/PYNQ/hls/conv_core/solution1/.autopilot/db/conv_core.pp.0.cpp
Command       clang done; 1.328 sec.
Execute       tidy_31 xilinx-xfmat-array-geometry C:/Users/p/Desktop/source2/source2/PYNQ/hls/conv_core/solution1/.autopilot/db/conv_core.pp.0.cpp std=gnu++98 
INFO-FLOW: exec C:/Xilinx/Vivado/2020.1/win64/tools/clang-3.9-csynth/bin/tidy-3.1 -header-filter=.* -checks=-*,xilinx-xfmat-array-geometry -quiet -fix C:/Users/p/Desktop/source2/source2/PYNQ/hls/conv_core/solution1/.autopilot/db/conv_core.pp.0.cpp -- -std=gnu++98 -fhls -ferror-limit=0
Command       tidy_31 done; 0.996 sec.
INFO-FLOW: Syntax Checking before pre-processing...
Execute       clang -syntaxcheck -src C:/Users/p/Desktop/source2/source2/PYNQ/hls/conv_core/solution1/.autopilot/db/conv_core.pp.0.cpp  -fno-limit-debug-info -gcc-toolchain "C:/Xilinx/Vivado/2020.1/msys" -hls    -fno-math-errno -c -emit-llvm -O0  -mllvm -disable-llvm-optzns -fno-threadsafe-statics  -fno-use-cxa-atexit  -fno-threadsafe-statics -fno-use-cxa-atexit -D__CLANG_3_1__ -D__cdecl= -DAESL_SYN -D__SYNTHESIS__ -D__HLS_SYN__ -I "C:/Xilinx/Vivado/2020.1/common/technology/autopilot" -I "C:/Xilinx/Vivado/2020.1/common/technology/autopilot/ap_sysc" -include etc/autopilot_ssdm_op.h -D__DSP48E1__  "C:/Users/p/Desktop/source2/source2/PYNQ/hls/conv_core/solution1/.autopilot/db/conv_core.pp.0.cpp"  -o "C:/Users/p/Desktop/source2/source2/PYNQ/hls/conv_core/solution1/.autopilot/db/useless.bc"  
INFO-FLOW: exec C:/Xilinx/Vivado/2020.1/win64/tools/clang/bin/clang -fno-limit-debug-info -gcc-toolchain C:/Xilinx/Vivado/2020.1/msys -hls -fno-math-errno -c -emit-llvm -O0 -mllvm -disable-llvm-optzns -fno-threadsafe-statics -fno-use-cxa-atexit -fno-threadsafe-statics -fno-use-cxa-atexit -D__CLANG_3_1__ -D__cdecl= -DAESL_SYN -D__SYNTHESIS__ -D__HLS_SYN__ -I C:/Xilinx/Vivado/2020.1/common/technology/autopilot -I C:/Xilinx/Vivado/2020.1/common/technology/autopilot/ap_sysc -include etc/autopilot_ssdm_op.h -D__DSP48E1__ C:/Users/p/Desktop/source2/source2/PYNQ/hls/conv_core/solution1/.autopilot/db/conv_core.pp.0.cpp -o C:/Users/p/Desktop/source2/source2/PYNQ/hls/conv_core/solution1/.autopilot/db/useless.bc
WARNING: [HLS 200-40] In file included from conv_core/conv_core.cpp:1:
conv_core/conv_core.cpp:67:16: warning: & has lower precedence than <; < will be evaluated first [-Wparentheses]
    if(relu_en & sum<0)
               ^~~~~~~
conv_core/conv_core.cpp:67:16: note: place parentheses around the < expression to silence this warning
    if(relu_en & sum<0)
               ^
                 (    )
conv_core/conv_core.cpp:67:16: note: place parentheses around the & expression to evaluate it first
    if(relu_en & sum<0)
               ^
       (            )
1 warning generated.
Command       clang done; 1.775 sec.
INFO-FLOW: Done: GCC PP time: 4.1 seconds per iteration
Execute       source C:/Xilinx/Vivado/2020.1/tps/tcl/tcllib1.11.1/yaml/huddle.tcl 
Execute       source C:/Xilinx/Vivado/2020.1/tps/tcl/tcllib1.11.1/yaml/json2huddle.tcl 
Execute         source C:/Xilinx/Vivado/2020.1/tps/tcl/tcllib1.11.1/try/try.tcl 
Execute       list_core -type functional_unit 
Execute       tidy_31 xilinx-systemc-detector C:/Users/p/Desktop/source2/source2/PYNQ/hls/conv_core/solution1/.autopilot/db/conv_core.pp.0.cpp std=gnu++98 -directive=C:/Users/p/Desktop/source2/source2/PYNQ/hls/conv_core/solution1/.autopilot/db/.systemc_flag 
INFO-FLOW: exec C:/Xilinx/Vivado/2020.1/win64/tools/clang-3.9-csynth/bin/tidy-3.1 -header-filter=.* -checks=-*,xilinx-systemc-detector -import-directive=C:/Users/p/Desktop/source2/source2/PYNQ/hls/conv_core/solution1/.autopilot/db/.systemc_flag -quiet -fix-errors C:/Users/p/Desktop/source2/source2/PYNQ/hls/conv_core/solution1/.autopilot/db/conv_core.pp.0.cpp -- -std=gnu++98 -fhls -ferror-limit=0
Command       tidy_31 done; 0.941 sec.
INFO-FLOW: Running: tidy-3.1 CDT preprocess
Execute       tidy_31 xilinx-directive2pragma C:/Users/p/Desktop/source2/source2/PYNQ/hls/conv_core/solution1/.autopilot/db/conv_core.pp.0.cpp std=gnu++98 -directive=C:/Users/p/Desktop/source2/source2/PYNQ/hls/conv_core/solution1/.autopilot/db/all.directive.json 
INFO-FLOW: exec C:/Xilinx/Vivado/2020.1/win64/tools/clang-3.9-csynth/bin/tidy-3.1 -header-filter=.* -checks=-*,xilinx-directive2pragma -import-directive=C:/Users/p/Desktop/source2/source2/PYNQ/hls/conv_core/solution1/.autopilot/db/all.directive.json -quiet -fix-errors C:/Users/p/Desktop/source2/source2/PYNQ/hls/conv_core/solution1/.autopilot/db/conv_core.pp.0.cpp -- -std=gnu++98 -fhls -ferror-limit=0
Command       tidy_31 done; 0.892 sec.
Execute       get_config_dataflow -strict_mode 
Execute       ap_eval exec -ignorestderr C:/Xilinx/Vivado/2020.1/win64/tools/clang-3.9-csynth/bin/xilinx-dataflow-lawyer -export-fixes=C:/Users/p/Desktop/source2/source2/PYNQ/hls/conv_core/solution1/.autopilot/db/xilinx-dataflow-lawyer.conv_core.pp.0.cpp.diag.yml C:/Users/p/Desktop/source2/source2/PYNQ/hls/conv_core/solution1/.autopilot/db/conv_core.pp.0.cpp -- -std=gnu++98 -fhls -ferror-limit=0 -fstrict-dataflow > C:/Users/p/Desktop/source2/source2/PYNQ/hls/conv_core/solution1/.autopilot/db/xilinx-dataflow-lawyer.conv_core.pp.0.cpp.out.log 2> C:/Users/p/Desktop/source2/source2/PYNQ/hls/conv_core/solution1/.autopilot/db/xilinx-dataflow-lawyer.conv_core.pp.0.cpp.err.log 
Command       ap_eval done; 0.834 sec.
Execute       tidy_31 -errorcheck xilinx-constantarray-param,xilinx-resource-pragma-transformer,xilinx-xfmat-array-geometry C:/Users/p/Desktop/source2/source2/PYNQ/hls/conv_core/solution1/.autopilot/db/conv_core.pp.0.cpp std=gnu++98 
Execute         ap_eval exec -ignorestderr C:/Xilinx/Vivado/2020.1/win64/tools/clang-3.9-csynth/bin/tidy-3.1 -export-fixes=C:/Users/p/Desktop/source2/source2/PYNQ/hls/conv_core/solution1/.autopilot/db/tidy-3.1.conv_core.pp.0.cpp.diag.yml -header-filter=.* -checks=-*,xilinx-constantarray-param,xilinx-resource-pragma-transformer,xilinx-xfmat-array-geometry -quiet -fix-errors C:/Users/p/Desktop/source2/source2/PYNQ/hls/conv_core/solution1/.autopilot/db/conv_core.pp.0.cpp -- -std=gnu++98 -fhls -ferror-limit=0 > C:/Users/p/Desktop/source2/source2/PYNQ/hls/conv_core/solution1/.autopilot/db/tidy-3.1.conv_core.pp.0.cpp.out.log 2> C:/Users/p/Desktop/source2/source2/PYNQ/hls/conv_core/solution1/.autopilot/db/tidy-3.1.conv_core.pp.0.cpp.err.log 
Command         ap_eval done; 1.069 sec.
Execute         ap_eval exec -ignorestderr C:/Xilinx/Vivado/2020.1/win64/tools/clang-3.9-csynth/bin/xilinx-legacy-rewriter C:/Users/p/Desktop/source2/source2/PYNQ/hls/conv_core/solution1/.autopilot/db/conv_core.pp.0.cpp -- -std=gnu++98 -fhls -ferror-limit=0 > C:/Users/p/Desktop/source2/source2/PYNQ/hls/conv_core/solution1/.autopilot/db/xilinx-legacy-rewriter.conv_core.pp.0.cpp.out.log 2> C:/Users/p/Desktop/source2/source2/PYNQ/hls/conv_core/solution1/.autopilot/db/xilinx-legacy-rewriter.conv_core.pp.0.cpp.err.log 
Command         ap_eval done; 0.604 sec.
Command       tidy_31 done; 1.681 sec.
INFO-FLOW: Done: tidy-3.1 CDT preprocess time: 3.4 seconds per iteration
INFO-FLOW: Pragma Handling...
Execute       tidy_31 xilinx-ssdm-intrinsics-arguments C:/Users/p/Desktop/source2/source2/PYNQ/hls/conv_core/solution1/.autopilot/db/conv_core.pragma.1.cpp std=gnu++98 
INFO-FLOW: exec C:/Xilinx/Vivado/2020.1/win64/tools/clang-3.9-csynth/bin/tidy-3.1 -header-filter=.* -checks=-*,xilinx-ssdm-intrinsics-arguments -quiet -fix-errors C:/Users/p/Desktop/source2/source2/PYNQ/hls/conv_core/solution1/.autopilot/db/conv_core.pragma.1.cpp -- -std=gnu++98 -fhls -ferror-limit=0
Command       tidy_31 done; 1.857 sec.
Execute       ap_part_info -name xc7z010-clg400-1 -data info 
INFO-FLOW: Processing labels
Execute       clang -src C:/Users/p/Desktop/source2/source2/PYNQ/hls/conv_core/solution1/.autopilot/db/conv_core.pragma.2.cpp  -fno-limit-debug-info -gcc-toolchain C:/Xilinx/Vivado/2020.1/msys -hls -hls-analyze-label -hls-analyze-pragma -fno-exceptions  -D__llvm__  -w  "C:/Users/p/Desktop/source2/source2/PYNQ/hls/conv_core/solution1/.autopilot/db/conv_core.pragma.2.cpp"    -fno-math-errno -c -emit-llvm -O0  -mllvm -disable-llvm-optzns -fno-threadsafe-statics  -fno-use-cxa-atexit -DAESL_SYN -D__SYNTHESIS__ -D__HLS_SYN__ -I "C:/Xilinx/Vivado/2020.1/common/technology/autopilot" -I "C:/Xilinx/Vivado/2020.1/common/technology/autopilot/ap_sysc" -include etc/autopilot_ssdm_op.h -D__DSP48E1__ -g -o "C:/Users/p/Desktop/source2/source2/PYNQ/hls/conv_core/solution1/.autopilot/db/conv_core.bc" 
INFO-FLOW: exec C:/Xilinx/Vivado/2020.1/win64/tools/clang/bin/clang -fno-limit-debug-info -gcc-toolchain C:/Xilinx/Vivado/2020.1/msys -hls -hls-analyze-label -hls-analyze-pragma -fno-exceptions -D__llvm__ -w C:/Users/p/Desktop/source2/source2/PYNQ/hls/conv_core/solution1/.autopilot/db/conv_core.pragma.2.cpp -fno-math-errno -c -emit-llvm -O0 -mllvm -disable-llvm-optzns -fno-threadsafe-statics -fno-use-cxa-atexit -DAESL_SYN -D__SYNTHESIS__ -D__HLS_SYN__ -I C:/Xilinx/Vivado/2020.1/common/technology/autopilot -I C:/Xilinx/Vivado/2020.1/common/technology/autopilot/ap_sysc -include etc/autopilot_ssdm_op.h -D__DSP48E1__ -g -o C:/Users/p/Desktop/source2/source2/PYNQ/hls/conv_core/solution1/.autopilot/db/conv_core.bc
Command       clang done; 1.85 sec.
INFO-FLOW: Linking Debug ...
Execute       llvm-ld C:/Users/p/Desktop/source2/source2/PYNQ/hls/conv_core/solution1/.autopilot/db/conv_core.g.bc -hls-opt -except-internalize Conv -LC:/Xilinx/Vivado/2020.1/win64/lib -lhlsm -lhlsmc++ -o C:/Users/p/Desktop/source2/source2/PYNQ/hls/conv_core/solution1/.autopilot/db/a.g 
Command       llvm-ld done; 1.435 sec.
INFO: [HLS 200-111] Finished Linking Time (s): cpu = 00:00:04 ; elapsed = 00:00:17 . Memory (MB): peak = 955.496 ; gain = 862.305
INFO: [HLS 200-111] Finished Checking Pragmas Time (s): cpu = 00:00:04 ; elapsed = 00:00:17 . Memory (MB): peak = 955.496 ; gain = 862.305
Execute       get_config_sdx -target 
Execute       opt_and_import_c a -opt_level=2 -skip_syncheck=0 -ng=0 -keep_printf=0 
Execute         cleanup_all_models 
INFO: [HLS 200-10] Starting code transformations ...
Execute         transform -promote-dbg-pointer C:/Users/p/Desktop/source2/source2/PYNQ/hls/conv_core/solution1/.autopilot/db/a.pp.bc -o C:/Users/p/Desktop/source2/source2/PYNQ/hls/conv_core/solution1/.autopilot/db/a.pp.0.bc -f 
Execute         llvm-ld C:/Users/p/Desktop/source2/source2/PYNQ/hls/conv_core/solution1/.autopilot/db/a.pp.0.bc -disable-opt -LC:/Xilinx/Vivado/2020.1/win64/lib -lfloatconversion -o C:/Users/p/Desktop/source2/source2/PYNQ/hls/conv_core/solution1/.autopilot/db/a.g.0 
Command         llvm-ld done; 0.768 sec.
INFO-FLOW: Running Standard Transforms...
Execute         transform -hls -share-std-xform -demangle-name -inline-byval-memcpy -always-inline -stream-depth-lower -promote-dbg-pointer -interface-preproc -mem2reg -scalarrepl -mem2reg -keep-read-access -instcombine -dce -promote-dbg-pointer -bitop-raise -loop-simplify -indvarspre -indvars -loop-simplify -xunroll -constprop -instcombine -simplifycfg -indvars -simplifycfg -dce -globaldce -basicaa -simplifycfg -mem2reg -globalopt -global-constprop -deadargelim -instcombine -simplifycfg -prune-eh -simplifycfg -scalarrepl -instcombine -reassociate -licm -simplifycfg -loop-simplify -indvars -instcombine -simplifycfg -mem2reg -loop-simplify -indvars -instcombine -gvn -gvn -instcombine -adce -break-crit-edges -simplifycfg -loop-delete -global-array-opt -dce -dse -adce -find-syn-modules -top Conv -deadargelim -mem2reg -instcombine -dce -presyn-prepare -auto-rom-infer -interface-preproc -syn-check -check-rec-only -find-region -simplifycfg -func-extr -function-inline -globaldce -mem2reg -instcombine -dce -gvn -globaldce -adce -adse -constprop -instcombine -bit-constprop -instcombine -dce -simplifycfg -bitop-raise -simplifycfg -dce -loop-delete -reassociate -globalopt -global-privatize -mem2reg -dce -global-constprop -pointer-simplify -constprop -dce -func-inst -deadargelim -auto-shift-reg-idiom -promote-dbg-pointer -norm-name C:/Users/p/Desktop/source2/source2/PYNQ/hls/conv_core/solution1/.autopilot/db/a.g.0.bc -o C:/Users/p/Desktop/source2/source2/PYNQ/hls/conv_core/solution1/.autopilot/db/a.g.1.bc -f -phase std-opt 
Command         transform done; 0.147 sec.
INFO: [HLS 200-111] Finished Standard Transforms Time (s): cpu = 00:00:04 ; elapsed = 00:00:18 . Memory (MB): peak = 955.496 ; gain = 862.305
INFO: [HLS 200-10] Checking synthesizability ...
INFO-FLOW: Checking Synthesizability 1/2..
Execute         transform -hls -syn-check -check-rec-only -disaggr -scalarrepl -norm-name -dce -mem2reg -instcombine -function-uniquify -directive-preproc -mem2reg -dse -dce -auto-rom-infer -dce -pag -array-normalize -instcombine -dce -warn-fifo-pointer -array-seg-normalize -instcombine -dce -array-flatten -instcombine -dce -array-burst -dce -deadargelim -promote-global-argument -simplifycfg -mem2reg -globaldce -dce -deadargelim -dce -instcombine -function-inline -globaldce -dce -doublePtrSimplify -doublePtrElim -dce -doublePtrSimplify -promote-dbg-pointer -dce -scalarrepl -dse -adse -instcombine -ptrLegalization -simplifycfg -dce -instcombine -pointer-simplify -ptrArgReplace -dce -instcombine -resolve-double-ptr -disaggr -scalarrepl -norm-name -dce -mem2reg -instcombine -ptrLegalization -simplifycfg -deadargelim -instcombine -dce -inst-simplify -function-uniquify -directive-preproc -mem2reg -dse -dce -globaldce -check-dspbuiltin C:/Users/p/Desktop/source2/source2/PYNQ/hls/conv_core/solution1/.autopilot/db/a.g.1.bc -o C:/Users/p/Desktop/source2/source2/PYNQ/hls/conv_core/solution1/.autopilot/db/a.g.2.prechk.bc -f 
Command         transform done; 0.153 sec.
INFO-FLOW: Checking Synthesizability 2/2..
Execute         transform -syn-check C:/Users/p/Desktop/source2/source2/PYNQ/hls/conv_core/solution1/.autopilot/db/a.g.2.prechk.bc -o C:/Users/p/Desktop/source2/source2/PYNQ/hls/conv_core/solution1/.autopilot/db/a.g.2.bc -f -phase syn-check 
Command         transform done; 0.121 sec.
INFO: [HLS 200-111] Finished Checking Synthesizability Time (s): cpu = 00:00:04 ; elapsed = 00:00:18 . Memory (MB): peak = 955.496 ; gain = 862.305
INFO-FLOW: Compiler optimizing ...
INFO-FLOW: Share syncheck's 1.bc for syn flow: copy C:/Users/p/Desktop/source2/source2/PYNQ/hls/conv_core/solution1/.autopilot/db/a.g.1.bc to C:/Users/p/Desktop/source2/source2/PYNQ/hls/conv_core/solution1/.autopilot/db/a.o.1.bc
INFO-FLOW: Presyn 1...
Execute         transform -hls -tmp C:/Users/p/Desktop/source2/source2/PYNQ/hls/conv_core/solution1/.autopilot/db -interface-port-rename -type-info -function-uniquify -directive-preproc -mem2reg -dse -dce -disaggr -scalarrepl -norm-name -deadargelim -mem2reg -instcombine -dce -simplifycfg -auto-rom-infer -dce -function-uniquify -resource-proc -clib-intrinsic-prepare -dce -func-buffer -dce -pag -array-normalize -func-legal -instcombine -gvn -constprop -dce -simplifycfg -mem2reg -globaldce -resolve-double-ptr -dce -deadargelim -dce -instcombine -ptrArgReplace -mem2reg -dce -array-seg-normalize -deadargelim -instcombine -dce -pointer-simplify -dce -port-alignment -dce -interface-preproc -data-pack -instcombine -dce -basicaa -aggr-aa -aggrmodref-aa -aggr-aa -gvn -gvn -basicaa -aggr-aa -aggrmodref-aa -aggr-aa -dse -adse -adce -loop-simplify -indvars -instcombine -gvn -loop-simplify -mem2reg -dce -find-region -instcombine -auto-loop-pipeline -inst-simplify -interface-preproc -cfgopt -instcombine -indvars -auto-loop-unroll -loop-simplify -loop-bound -xunroll -constprop -instcombine -simplifycfg -indvars -simplifycfg -dce -globaldce -clean-region -attach-range -gvn -inst-simplify -constprop -simplifycfg -dce -pointer-simplify -dce -globalopt -constprop -dce -array-promote -constprop -dce -ptrArgReplace -mem2reg -simplifycfg -dce -auto-par -instcombine -dce -array-transform-check -array-reshape -instcombine -simplifycfg -dce -ptrArgReplace -deadargelim -mem2reg -instcombine -simplifycfg -dce -indvars -loop-simplify -loop-bound -xunroll -constprop -instcombine -simplifycfg -indvars -simplifycfg -dce -globaldce -basicaa -aggr-aa -aggrmodref-aa -aggr-aa -dse -duplicate-dataflow-processes -globaldce -instcombine -array-partition -instcombine -simplifycfg -dce -ptrArgReplace -global-constprop -deadargelim -mem2reg -func-legal -dce -global-constprop -deadargelim -mem2reg -simplifycfg -dce -merge-param -deadargelim -globalopt -constprop -dce -array-promote -constprop -dce -ptrArgReplace -mem2reg -simplifycfg -dce -mem-intrinsic-preproc -dce -global-internalize -global-privatize -mem2reg -globaldce -promote-global-argument -ptrArgReplace -mem2reg -dce -globalopt -mergereturn -simplify-global-access -mem2reg -dce -pointer-simplify -dce -functionattrs -basicaa -aggr-aa -aggrmodref-aa -aggr-aa -gvn -gvn -basicaa -aggr-aa -aggrmodref-aa -aggr-aa -dse -adse -adce -dce -norm-name -function-inline -complex-op-raise -inst-simplify -globaldce -func-inst -constprop -instcombine -simplifycfg -dce -func-legal -dce -loop-bound -arraycheck -bitwidthmin -on-by-dataflow -loop-delete -instcombine -simplifycfg -globaldce -dce -gvn -deadargelim -dce -loop-simplify -clean-region -simplifycfg -propagate-stable-arguments -loop-stream -instcombine -simplifycfg -dce -globaldce -duplicate-dataflow-processes -stream-intrinsic-preproc -dce -check-ap-stream -loop-simplify -eliminate-keepreads -extract-dataflow-in-loop -loop-simplify -dce -gvn -deadargelim -dse -check-dataflow-syntax -legalize-stream-variable -legalize-global -extract-subproc -dce -dead-channel-elimination -canonicalize-gep -globaldce -dce -gvn -deadargelim -annotate-dataflow-channels -scalar-propagation -deadargelim -globaldce -mem2reg -check-dataflow-channels -function-stream -dce -globaldce -prop-fifo-spec -internal-stream-gen -canonicalize-gep -globaldce -dce -gvn -deadargelim -mergereturn -indvars -loop-simplify -instcombine -array-stream -array-seg-normalize -array-partition -func-legal -instcombine -simplifycfg -dce -bundle-memfifo-ops -deadargelim -function-uniquify -directive-preproc -mem2reg -dse -dce -group-axi-access -licm -simplifycfg -dce -loop-delete -norm-name C:/Users/p/Desktop/source2/source2/PYNQ/hls/conv_core/solution1/.autopilot/db/a.o.1.bc -o C:/Users/p/Desktop/source2/source2/PYNQ/hls/conv_core/solution1/.autopilot/db/a.o.1.tmp.bc -f 
Command         transform done; 0.295 sec.
INFO-FLOW: Presyn 2...
Execute         transform -hls -keep-callgraph -scalarrepl -mem2reg -port-alignment -attach-range -dce -pipe-mux-gen -indvars -loop-bound -inst-simplify -instcombine -dce -merge-array-access -mem2reg -dce -clean-region -mergereturn -if-conv -instcombine -dce -constprop -basicaa -aggr-aa -aggrmodref-aa -aggr-aa -gvn -gvn -basicaa -aggr-aa -aggrmodref-aa -aggr-aa -dse -adse -adce -scalarrepl -mem2reg -global-constprop -deadargelim -deadargelim -instcombine -dce -simplifycfg -ptrArgReplace -mem2reg -function-inline -globaldce -mem2reg -instcombine -dce -expr-balance -instcombine -dce -bitwidthmin -interface-preproc -directive-preproc -inst-rectify -instcombine -dce -functionattrs -constprop -instcombine -bit-constprop -simplify-global-access -globalopt -globaldce -inst-simplify -instcombine -elimdeaddata -dce -loop-delete -simplifycfg -loop-simplify -auto-burst -norm-name C:/Users/p/Desktop/source2/source2/PYNQ/hls/conv_core/solution1/.autopilot/db/a.o.1.tmp.bc -o C:/Users/p/Desktop/source2/source2/PYNQ/hls/conv_core/solution1/.autopilot/db/a.o.2.bc -f -phase presyn 
INFO: [XFORM 203-401] Performing if-conversion on hyperblock to (conv_core/conv_core.cpp:41:16) in function 'Conv'... converting 3 basic blocks.
Command         transform done; 0.181 sec.
INFO: [HLS 200-111] Finished Pre-synthesis Time (s): cpu = 00:00:05 ; elapsed = 00:00:18 . Memory (MB): peak = 955.496 ; gain = 862.305
INFO-FLOW: Building ssdm...
Execute         transform -hls -function-uniquify -auto-function-inline -globaldce -ptrArgReplace -mem2reg -dce -reset-lda -loop-simplify -indvars -licm -loop-dep -loop-bound -licm -loop-simplify -flattenloopnest -array-flatten -gvn -instcombine -dce -array-map -dce -func-legal -gvn -adce -instcombine -cfgopt -simplifycfg -loop-simplify -array-burst -promote-global-argument -dce -ptrLegalization -axi4-lower -array-seg-normalize -basicaa -aggrmodref-aa -globalsmodref-aa -aggr-aa -gvn -gvn -basicaa -aggrmodref-aa -globalsmodref-aa -aggr-aa -dse -adse -adce -licm -inst-simplify -dce -globaldce -instcombine -array-stream -eliminate-keepreads -instcombine -dce -deadargelim -doublePtrSimplify -doublePtrElim -dce -doublePtrSimplify -promote-dbg-pointer -dce -scalarrepl -mem2reg -disaggr -norm-name -mem2reg -instcombine -dse -adse -adce -ptrLegalization -dce -auto-rom-infer -array-flatten -dce -instcombine -check-doubleptr -loop-rot -constprop -cfgopt -simplifycfg -loop-simplify -indvars -pointer-simplify -dce -loop-bound -loop-simplify -loop-preproc -constprop -global-constprop -gvn -mem2reg -instcombine -dce -loop-bound -loop-merge -dce -bitwidthmin -deadargelim -dce -canonicalize-dataflow -dce -scalar-propagation -deadargelim -globaldce -mem2reg -read-loop-dep -interface-preproc -directive-preproc -interface-gen -bram-byte-enable -deadargelim -inst-simplify -dce -gvn -mem2reg -instcombine -dce -adse -loop-bound -instcombine -cfgopt -simplifycfg -loop-simplify -clean-region -io-protocol -find-region -mem2reg -bitop-raise -complex-op-raise -inst-simplify -inst-rectify -instcombine -adce -deadargelim -loop-simplify -phi-opt -bitop-raise -cfgopt -simplifycfg -strip-dead-prototypes -interface-lower -bitop-lower -intrinsic-lower -auto-function-inline -basicaa -aggrmodref-aa -globalsmodref-aa -aggr-aa -inst-simplify -simplifycfg -loop-simplify -mergereturn -inst-simplify -inst-rectify -dce -load-elim -bitop-lower -loop-rewind -pointer-simplify -dce -cfgopt -dce -loop-bound -loop-dep -read-loop-dep -dce -check-stream -norm-name -legalize -validate-dataflow -inst-clarity -bitwidth -dump-loop-dep-to-ir -check-all-ssdm -cdfg-build C:/Users/p/Desktop/source2/source2/PYNQ/hls/conv_core/solution1/.autopilot/db/a.o.2.bc -o C:/Users/p/Desktop/source2/source2/PYNQ/hls/conv_core/solution1/.autopilot/db/a.o.3.bc -f -phase build-ssdm 
Command         transform done; 0.397 sec.
INFO: [HLS 200-111] Finished Architecture Synthesis Time (s): cpu = 00:00:05 ; elapsed = 00:00:19 . Memory (MB): peak = 955.496 ; gain = 862.305
INFO-FLOW: Finish building internal data model.
Command       opt_and_import_c done; 2.191 sec.
Command     elaborate done; 16.198 sec.
Execute     autosyn -from_csynth_design=1 
INFO: [HLS 200-10] Starting hardware synthesis ...
INFO-FLOW: Synthesizing C/C++ design ...
INFO: [HLS 200-10] Synthesizing 'Conv' ...
Execute       ap_set_top_model Conv 
Execute       get_model_list Conv -filter all-wo-channel -topdown 
Execute       preproc_iomode -model Conv 
Execute       get_model_list Conv -filter all-wo-channel 
INFO-FLOW: Model list for configure: Conv
INFO-FLOW: Configuring Module : Conv ...
Execute       set_default_model Conv 
Execute       apply_spec_resource_limit Conv 
INFO-FLOW: Model list for preprocess: Conv
INFO-FLOW: Preprocessing Module: Conv ...
Execute       set_default_model Conv 
Execute       cdfg_preprocess -model Conv 
Execute       rtl_gen_preprocess Conv 
INFO-FLOW: Model list for synthesis: Conv
INFO: [HLS 200-10] ----------------------------------------------------------------
INFO: [HLS 200-42] -- Implementing module 'Conv' 
INFO: [HLS 200-10] ----------------------------------------------------------------
Execute       set_default_model Conv 
Execute       schedule -model Conv 
INFO: [SCHED 204-11] Starting scheduling ...
INFO: [SCHED 204-11] Finished scheduling.
Command       schedule done; 0.118 sec.
INFO: [HLS 200-111]  Elapsed time: 19.06 seconds; current allocated memory: 145.366 MB.
Execute       syn_report -verbosereport -o C:/Users/p/Desktop/source2/source2/PYNQ/hls/conv_core/solution1/.autopilot/db/Conv.verbose.sched.rpt 
Execute       db_write -o C:/Users/p/Desktop/source2/source2/PYNQ/hls/conv_core/solution1/.autopilot/db/Conv.sched.adb -f 
INFO-FLOW: Finish scheduling Conv.
Execute       set_default_model Conv 
Execute       bind -model Conv 
BIND OPTION: model=Conv
INFO: [BIND 205-100] Starting micro-architecture generation ...
INFO: [BIND 205-101] Performing variable lifetime analysis.
INFO: [BIND 205-101] Exploring resource sharing.
INFO: [BIND 205-101] Binding ...
INFO: [BIND 205-100] Finished micro-architecture generation.
INFO: [HLS 200-111]  Elapsed time: 0.19 seconds; current allocated memory: 146.408 MB.
Execute       syn_report -verbosereport -o C:/Users/p/Desktop/source2/source2/PYNQ/hls/conv_core/solution1/.autopilot/db/Conv.verbose.bind.rpt 
Command       syn_report done; 0.153 sec.
Execute       db_write -o C:/Users/p/Desktop/source2/source2/PYNQ/hls/conv_core/solution1/.autopilot/db/Conv.bind.adb -f 
INFO-FLOW: Finish binding Conv.
Execute       get_model_list Conv -filter all-wo-channel 
INFO-FLOW: Preprocessing for RTLGen ...
Execute       rtl_gen_preprocess Conv 
INFO-FLOW: Model list for RTL generation: Conv
INFO: [HLS 200-10] ----------------------------------------------------------------
INFO: [HLS 200-10] -- Generating RTL for module 'Conv' 
INFO: [HLS 200-10] ----------------------------------------------------------------
Execute       get_config_rtl -module_prefix 
Execute       get_config_rtl -module_auto_prefix 
Execute       create_rtl_model Conv -vendor xilinx -mg_file C:/Users/p/Desktop/source2/source2/PYNQ/hls/conv_core/solution1/.autopilot/db/Conv.compgen.tcl 
INFO: [RTGEN 206-500] Setting interface mode on port 'Conv/gmem' to 'm_axi'.
INFO: [RTGEN 206-500] Setting interface mode on port 'Conv/CHin_V' to 's_axilite & ap_none'.
INFO: [RTGEN 206-500] Setting interface mode on port 'Conv/Hin_V' to 's_axilite & ap_none'.
INFO: [RTGEN 206-500] Setting interface mode on port 'Conv/Win_V' to 's_axilite & ap_none'.
INFO: [RTGEN 206-500] Setting interface mode on port 'Conv/CHout_V' to 's_axilite & ap_none'.
INFO: [RTGEN 206-500] Setting interface mode on port 'Conv/Kx_V' to 's_axilite & ap_none'.
INFO: [RTGEN 206-500] Setting interface mode on port 'Conv/Ky_V' to 's_axilite & ap_none'.
INFO: [RTGEN 206-500] Setting interface mode on port 'Conv/Sx_V' to 's_axilite & ap_none'.
INFO: [RTGEN 206-500] Setting interface mode on port 'Conv/Sy_V' to 's_axilite & ap_none'.
INFO: [RTGEN 206-500] Setting interface mode on port 'Conv/mode_V' to 's_axilite & ap_none'.
INFO: [RTGEN 206-500] Setting interface mode on port 'Conv/relu_en_V' to 's_axilite & ap_none'.
INFO: [RTGEN 206-500] Setting interface mode on port 'Conv/feature_in' to 's_axilite & ap_none'.
INFO: [RTGEN 206-500] Setting interface mode on port 'Conv/W' to 's_axilite & ap_none'.
INFO: [RTGEN 206-500] Setting interface mode on port 'Conv/bias' to 's_axilite & ap_none'.
INFO: [RTGEN 206-500] Setting interface mode on port 'Conv/feature_out' to 's_axilite & ap_none'.
INFO: [RTGEN 206-500] Setting interface mode on function 'Conv' to 's_axilite & ap_ctrl_hs'.
INFO: [RTGEN 206-100] Bundling port 'return', 'CHin_V', 'Hin_V', 'Win_V', 'CHout_V', 'Kx_V', 'Ky_V', 'Sx_V', 'Sy_V', 'mode_V', 'relu_en_V', 'feature_in', 'W', 'bias' and 'feature_out' to AXI-Lite port AXILiteS.
INFO: [SYN 201-210] Renamed object name 'Conv_fadd_32ns_32ns_32_5_full_dsp_1' to 'Conv_fadd_32ns_32bkb' due to the length limit 20
INFO: [SYN 201-210] Renamed object name 'Conv_fmul_32ns_32ns_32_4_max_dsp_1' to 'Conv_fmul_32ns_32cud' due to the length limit 20
INFO: [SYN 201-210] Renamed object name 'Conv_fcmp_32ns_32ns_1_2_1' to 'Conv_fcmp_32ns_32dEe' due to the length limit 20
INFO: [SYN 201-210] Renamed object name 'Conv_sdiv_19s_9ns_16_23_seq_1' to 'Conv_sdiv_19s_9nseOg' due to the length limit 20
INFO: [SYN 201-210] Renamed object name 'Conv_mul_mul_16ns_16ns_32_1_1' to 'Conv_mul_mul_16nsfYi' due to the length limit 20
INFO: [SYN 201-210] Renamed object name 'Conv_mul_mul_16ns_16s_32_1_1' to 'Conv_mul_mul_16nsg8j' due to the length limit 20
INFO: [SYN 201-210] Renamed object name 'Conv_mac_muladd_16ns_16s_48ns_48_1_1' to 'Conv_mac_muladd_1hbi' due to the length limit 20
INFO: [RTGEN 206-100] Generating core module 'Conv_fadd_32ns_32bkb': 1 instance(s).
INFO: [RTGEN 206-100] Generating core module 'Conv_fcmp_32ns_32dEe': 1 instance(s).
INFO: [RTGEN 206-100] Generating core module 'Conv_fmul_32ns_32cud': 1 instance(s).
INFO: [RTGEN 206-100] Generating core module 'Conv_mac_muladd_1hbi': 1 instance(s).
INFO: [RTGEN 206-100] Generating core module 'Conv_mul_mul_16nsfYi': 2 instance(s).
INFO: [RTGEN 206-100] Generating core module 'Conv_mul_mul_16nsg8j': 1 instance(s).
INFO: [RTGEN 206-100] Generating core module 'Conv_sdiv_19s_9nseOg': 2 instance(s).
INFO: [RTGEN 206-100] Finished creating RTL model for 'Conv'.
Command       create_rtl_model done; 0.119 sec.
INFO: [HLS 200-111]  Elapsed time: 0.385 seconds; current allocated memory: 148.620 MB.
Execute       source C:/Users/p/Desktop/source2/source2/PYNQ/hls/conv_core/solution1/.autopilot/db/Conv.rtl_wrap.cfg.tcl 
Execute       gen_rtl Conv -istop -style xilinx -tracefl mytrace -tracefmt vcd -traceopt all -f -lang sc -o C:/Users/p/Desktop/source2/source2/PYNQ/hls/conv_core/solution1/syn/systemc/Conv -synmodules Conv 
Execute       gen_rtl Conv -istop -style xilinx -f -lang vhdl -o C:/Users/p/Desktop/source2/source2/PYNQ/hls/conv_core/solution1/syn/vhdl/Conv 
Execute       gen_rtl Conv -istop -style xilinx -f -lang vlog -o C:/Users/p/Desktop/source2/source2/PYNQ/hls/conv_core/solution1/syn/verilog/Conv 
Execute       syn_report -csynth -model Conv -o C:/Users/p/Desktop/source2/source2/PYNQ/hls/conv_core/solution1/syn/report/Conv_csynth.rpt 
Execute       syn_report -rtlxml -model Conv -o C:/Users/p/Desktop/source2/source2/PYNQ/hls/conv_core/solution1/syn/report/Conv_csynth.xml 
Execute       syn_report -verbosereport -model Conv -o C:/Users/p/Desktop/source2/source2/PYNQ/hls/conv_core/solution1/.autopilot/db/Conv.verbose.rpt 
Command       syn_report done; 0.155 sec.
Execute       db_write -model Conv -f -o C:/Users/p/Desktop/source2/source2/PYNQ/hls/conv_core/solution1/.autopilot/db/Conv.adb 
Command       db_write done; 0.106 sec.
Execute       gen_tb_info Conv -p C:/Users/p/Desktop/source2/source2/PYNQ/hls/conv_core/solution1/.autopilot/db -o C:/Users/p/Desktop/source2/source2/PYNQ/hls/conv_core/solution1/.autopilot/db/Conv 
Execute       export_constraint_db -f -tool general -o C:/Users/p/Desktop/source2/source2/PYNQ/hls/conv_core/solution1/.autopilot/db/Conv.constraint.tcl 
Execute       syn_report -designview -model Conv -o C:/Users/p/Desktop/source2/source2/PYNQ/hls/conv_core/solution1/.autopilot/db/Conv.design.xml 
Execute       get_config_rtl -disable_wave_debug 
Execute       syn_report -wcfg -model Conv -o C:/Users/p/Desktop/source2/source2/PYNQ/hls/conv_core/solution1/.autopilot/db/Conv_dataflow_ana.wcfg 
Execute       syn_report -protoinst -model Conv -o C:/Users/p/Desktop/source2/source2/PYNQ/hls/conv_core/solution1/.autopilot/db/Conv.protoinst 
Execute       get_config_debug -directory 
Execute       sc_get_clocks Conv 
Execute       get_config_export -vivado_clock 
Execute       sc_get_portdomain Conv 
INFO-FLOW: Model list for RTL component generation: Conv
INFO-FLOW: Handling components in module [Conv] ... 
Execute       source C:/Users/p/Desktop/source2/source2/PYNQ/hls/conv_core/solution1/.autopilot/db/Conv.compgen.tcl 
INFO-FLOW: Found component Conv_fadd_32ns_32bkb.
INFO-FLOW: Append model Conv_fadd_32ns_32bkb
INFO-FLOW: Found component Conv_fmul_32ns_32cud.
INFO-FLOW: Append model Conv_fmul_32ns_32cud
INFO-FLOW: Found component Conv_fcmp_32ns_32dEe.
INFO-FLOW: Append model Conv_fcmp_32ns_32dEe
INFO-FLOW: Found component Conv_sdiv_19s_9nseOg.
INFO-FLOW: Append model Conv_sdiv_19s_9nseOg
INFO-FLOW: Found component Conv_mul_mul_16nsfYi.
INFO-FLOW: Append model Conv_mul_mul_16nsfYi
INFO-FLOW: Found component Conv_mul_mul_16nsg8j.
INFO-FLOW: Append model Conv_mul_mul_16nsg8j
INFO-FLOW: Found component Conv_mac_muladd_1hbi.
INFO-FLOW: Append model Conv_mac_muladd_1hbi
INFO-FLOW: Found component Conv_AXILiteS_s_axi.
INFO-FLOW: Append model Conv_AXILiteS_s_axi
INFO-FLOW: Found component Conv_gmem_m_axi.
INFO-FLOW: Append model Conv_gmem_m_axi
INFO-FLOW: Append model Conv
INFO-FLOW: Generating RTL model list ...
INFO-FLOW: All models in this session: Conv_fadd_32ns_32bkb Conv_fmul_32ns_32cud Conv_fcmp_32ns_32dEe Conv_sdiv_19s_9nseOg Conv_mul_mul_16nsfYi Conv_mul_mul_16nsg8j Conv_mac_muladd_1hbi Conv_AXILiteS_s_axi Conv_gmem_m_axi Conv
INFO-FLOW: To file: write model Conv_fadd_32ns_32bkb
INFO-FLOW: To file: write model Conv_fmul_32ns_32cud
INFO-FLOW: To file: write model Conv_fcmp_32ns_32dEe
INFO-FLOW: To file: write model Conv_sdiv_19s_9nseOg
INFO-FLOW: To file: write model Conv_mul_mul_16nsfYi
INFO-FLOW: To file: write model Conv_mul_mul_16nsg8j
INFO-FLOW: To file: write model Conv_mac_muladd_1hbi
INFO-FLOW: To file: write model Conv_AXILiteS_s_axi
INFO-FLOW: To file: write model Conv_gmem_m_axi
INFO-FLOW: To file: write model Conv
INFO-FLOW: Finished generating RTL model list.


INFO-FLOW: RTL Generation done.
INFO-FLOW: CAS Generation done.
INFO-FLOW: CBC Generation done.
Execute       syn_report -model Conv -printsummary 
INFO: [HLS 200-790] **** Loop Constraint Status: All loop constraints were satisfied.
INFO: [HLS 200-789] **** Estimated Fmax: 114.29 MHz
INFO-FLOW: DBG:CMD: auto_generate_csynth_design
INFO-FLOW: DBG:CMD:     auto_generate --sim-model -phase csynth_design -d C:/Users/p/Desktop/source2/source2/PYNQ/hls/conv_core/solution1
Execute       source C:/Users/p/Desktop/source2/source2/PYNQ/hls/conv_core/solution1/.autopilot/db/global.setting.tcl 
INFO-FLOW: DBG:CMD: read_platform_lib C:/Users/p/Desktop/source2/source2/PYNQ/hls/conv_core/solution1/.autopilot/db/global.setting.tcl
Execute       source C:/Xilinx/Vivado/2020.1/common/technology/generic/autopilot/common.gen 
Execute         source C:/Xilinx/Vivado/2020.1/common/technology/generic/autopilot/APCoreGen.gen 
Execute       source C:/Xilinx/Vivado/2020.1/common/technology/generic/autopilot/op.gen 
Execute       source C:/Xilinx/Vivado/2020.1/common/technology/generic/autopilot/op_simcore.gen 
Execute       source C:/Xilinx/Vivado/2020.1/common/technology/generic/autopilot/interface.gen 
Execute       source C:/Users/p/Desktop/source2/source2/PYNQ/hls/conv_core/solution1/.autopilot/db/global.setting.tcl 
Execute       source C:/Xilinx/Vivado/2020.1/common/technology/xilinx/zynq/zynq.gen 
Execute         source C:/Xilinx/Vivado/2020.1/common/technology/xilinx/common/xilinx.gen 
Execute           source C:/Xilinx/Vivado/2020.1/common/technology/xilinx/interface/plb46.gen 
Execute           source C:/Xilinx/Vivado/2020.1/common/technology/xilinx/interface/fsl.gen 
Execute           source C:/Xilinx/Vivado/2020.1/common/technology/xilinx/interface/axi4.gen 
Execute           source C:/Xilinx/Vivado/2020.1/common/technology/xilinx/interface/nativeAXI4.gen 
Execute             source C:/Xilinx/Vivado/2020.1/common/technology/xilinx/interface/saxilite.gen 
Execute             source C:/Xilinx/Vivado/2020.1/common/technology/xilinx/interface/maxi.gen 
Execute           source C:/Xilinx/Vivado/2020.1/common/technology/xilinx/scripts/xilinxcoregen.gen 
Execute           source C:/Xilinx/Vivado/2020.1/common/technology/xilinx/interface/XilEDKCoreGen.gen 
Execute           source C:/Xilinx/Vivado/2020.1/common/technology/xilinx/ip/dds_compiler.gen 
Execute           source C:/Xilinx/Vivado/2020.1/common/technology/xilinx/ip/util.gen 
Execute           source C:/Xilinx/Vivado/2020.1/common/technology/xilinx/ip/xfft.gen 
Execute           source C:/Xilinx/Vivado/2020.1/common/technology/xilinx/ip/xfir.gen 
Execute           source C:/Xilinx/Vivado/2020.1/common/technology/xilinx/common/dsp48.gen 
Command         ap_source done; 0.143 sec.
Command       ap_source done; 0.144 sec.
Execute       source C:/Xilinx/Vivado/2020.1/common/technology/xilinx/zynq/zynq_fpv6.gen 
Execute         source C:/Xilinx/Vivado/2020.1/common/technology/xilinx/common/xilinx_fp.gen 
INFO-FLOW: DBG:CMD:   using AESL_AUTOCG::g_clock_period=10.000 (was NA)
INFO-FLOW: DBG:CMD:       generate_ip_cores sim=1 export=0 expOnly=0 dstVlogDir=syn/verilog
Execute       source C:/Users/p/Desktop/source2/source2/PYNQ/hls/conv_core/solution1/.autopilot/db/global.setting.tcl 
Execute       ap_part_info -name xc7z010-clg400-1 -data names -quiet 
Execute       ap_part_info -name xc7z010-clg400-1 -data info -quiet 
Execute       source C:/Users/p/Desktop/source2/source2/PYNQ/hls/conv_core/solution1/.autopilot/db/global.setting.tcl 
Execute       source C:/Users/p/Desktop/source2/source2/PYNQ/hls/conv_core/solution1/.autopilot/db/global.setting.tcl 
Execute       source C:/Users/p/Desktop/source2/source2/PYNQ/hls/conv_core/solution1/.autopilot/db/Conv.compgen.tcl 
Execute         ap_part_info -name xc7z010-clg400-1 -data names -quiet 
Execute         ap_part_info -name xc7z010-clg400-1 -data info -quiet 
Execute         ap_part_info -name xc7z010-clg400-1 -data names -quiet 
Execute         ap_part_info -name xc7z010-clg400-1 -data info -quiet 
Execute         ap_part_info -name xc7z010-clg400-1 -data names -quiet 
Execute         ap_part_info -name xc7z010-clg400-1 -data info -quiet 
Execute         ap_part_info -name xc7z010-clg400-1 -data names -quiet 
Execute         ap_part_info -name xc7z010-clg400-1 -data info -quiet 
INFO: [RTMG 210-282] Generating pipelined core: 'Conv_sdiv_19s_9nseOg_div'
Execute         ap_part_info -name xc7z010-clg400-1 -data names -quiet 
Execute         ap_part_info -name xc7z010-clg400-1 -data info -quiet 
Execute         ap_part_info -name xc7z010-clg400-1 -data names -quiet 
Execute         ap_part_info -name xc7z010-clg400-1 -data info -quiet 
Execute         ap_part_info -name xc7z010-clg400-1 -data names -quiet 
Execute         ap_part_info -name xc7z010-clg400-1 -data info -quiet 
Execute         ap_part_info -name xc7z010-clg400-1 -data info 
Execute         source ./AXILiteS.slave.tcl 
Execute         is_m_axi_addr64 
Execute         ap_part_info -name xc7z010-clg400-1 -data names -quiet 
Execute         ap_part_info -name xc7z010-clg400-1 -data info -quiet 
Command       ap_source done; 0.709 sec.
INFO-FLOW: DBG:CMD:     auto_generate -export -impltomg_flag -rtl both -tool Vivado -pcore_version 1.00.a -phase csynth_design -d C:/Users/p/Desktop/source2/source2/PYNQ/hls/conv_core/solution1
Execute       source C:/Users/p/Desktop/source2/source2/PYNQ/hls/conv_core/solution1/.autopilot/db/global.setting.tcl 
INFO-FLOW: DBG:CMD: read_platform_lib C:/Users/p/Desktop/source2/source2/PYNQ/hls/conv_core/solution1/.autopilot/db/global.setting.tcl
Execute       source C:/Xilinx/Vivado/2020.1/common/technology/generic/autopilot/common.gen 
Execute         source C:/Xilinx/Vivado/2020.1/common/technology/generic/autopilot/APCoreGen.gen 
Execute       source C:/Xilinx/Vivado/2020.1/common/technology/generic/autopilot/op.gen 
Execute       source C:/Xilinx/Vivado/2020.1/common/technology/generic/autopilot/op_simcore.gen 
Execute       source C:/Xilinx/Vivado/2020.1/common/technology/generic/autopilot/interface.gen 
Execute       source C:/Users/p/Desktop/source2/source2/PYNQ/hls/conv_core/solution1/.autopilot/db/global.setting.tcl 
Execute       source C:/Xilinx/Vivado/2020.1/common/technology/xilinx/zynq/zynq.gen 
Execute         source C:/Xilinx/Vivado/2020.1/common/technology/xilinx/common/xilinx.gen 
Execute           source C:/Xilinx/Vivado/2020.1/common/technology/xilinx/interface/plb46.gen 
Execute           source C:/Xilinx/Vivado/2020.1/common/technology/xilinx/interface/fsl.gen 
Execute           source C:/Xilinx/Vivado/2020.1/common/technology/xilinx/interface/axi4.gen 
Execute           source C:/Xilinx/Vivado/2020.1/common/technology/xilinx/interface/nativeAXI4.gen 
Execute             source C:/Xilinx/Vivado/2020.1/common/technology/xilinx/interface/saxilite.gen 
Execute             source C:/Xilinx/Vivado/2020.1/common/technology/xilinx/interface/maxi.gen 
Execute           source C:/Xilinx/Vivado/2020.1/common/technology/xilinx/scripts/xilinxcoregen.gen 
Execute           source C:/Xilinx/Vivado/2020.1/common/technology/xilinx/interface/XilEDKCoreGen.gen 
Execute           source C:/Xilinx/Vivado/2020.1/common/technology/xilinx/ip/dds_compiler.gen 
Execute           source C:/Xilinx/Vivado/2020.1/common/technology/xilinx/ip/util.gen 
Execute           source C:/Xilinx/Vivado/2020.1/common/technology/xilinx/ip/xfft.gen 
Command           ap_source done; 0.104 sec.
Execute           source C:/Xilinx/Vivado/2020.1/common/technology/xilinx/ip/xfir.gen 
Execute           source C:/Xilinx/Vivado/2020.1/common/technology/xilinx/common/dsp48.gen 
Command         ap_source done; 0.155 sec.
Command       ap_source done; 0.155 sec.
Execute       source C:/Xilinx/Vivado/2020.1/common/technology/xilinx/zynq/zynq_fpv6.gen 
Execute         source C:/Xilinx/Vivado/2020.1/common/technology/xilinx/common/xilinx_fp.gen 
INFO-FLOW: DBG:CMD:       initCTypeInfo top_module=Conv xml_exists=0
Execute       source C:/Users/p/Desktop/source2/source2/PYNQ/hls/conv_core/solution1/.autopilot/db/Conv.rtl_wrap.cfg.tcl 
Execute       source C:/Users/p/Desktop/source2/source2/PYNQ/hls/conv_core/solution1/.autopilot/db/Conv.rtl_wrap.cfg.tcl 
Execute       source C:/Users/p/Desktop/source2/source2/PYNQ/hls/conv_core/solution1/.autopilot/db/Conv.rtl_wrap.cfg.tcl 
Execute       source C:/Users/p/Desktop/source2/source2/PYNQ/hls/conv_core/solution1/.autopilot/db/Conv.tbgen.tcl 
Execute       source C:/Users/p/Desktop/source2/source2/PYNQ/hls/conv_core/solution1/.autopilot/db/Conv.tbgen.tcl 
INFO-FLOW: DBG:CMD:       export_impl_rtl
INFO-FLOW: DBG:CMD:       generate_ip_cores sim=0 export=0 expOnly=0 dstVlogDir=impl/.verilog
Execute       source C:/Users/p/Desktop/source2/source2/PYNQ/hls/conv_core/solution1/.autopilot/db/global.setting.tcl 
Execute       source C:/Users/p/Desktop/source2/source2/PYNQ/hls/conv_core/solution1/.autopilot/db/Conv.compgen.tcl 
Execute         ap_part_info -name xc7z010-clg400-1 -data names -quiet 
Execute         ap_part_info -name xc7z010-clg400-1 -data info -quiet 
Execute         ap_part_info -name xc7z010-clg400-1 -data names -quiet 
Execute         ap_part_info -name xc7z010-clg400-1 -data info -quiet 
Execute         ap_part_info -name xc7z010-clg400-1 -data names -quiet 
Execute         ap_part_info -name xc7z010-clg400-1 -data info -quiet 
Command       ap_source done; 0.175 sec.
INFO-FLOW: DBG:CMD:       generate_ip_cores sim=0 export=1 expOnly=1 dstVlogDir=impl/.pcores/verilog
Execute       source C:/Users/p/Desktop/source2/source2/PYNQ/hls/conv_core/solution1/.autopilot/db/global.setting.tcl 
Execute       source C:/Users/p/Desktop/source2/source2/PYNQ/hls/conv_core/solution1/.autopilot/db/Conv.compgen.tcl 
Execute         ap_part_info -name xc7z010-clg400-1 -data names -quiet 
Execute         ap_part_info -name xc7z010-clg400-1 -data info -quiet 
Execute         ap_part_info -name xc7z010-clg400-1 -data names -quiet 
Execute         ap_part_info -name xc7z010-clg400-1 -data info -quiet 
Execute         ap_part_info -name xc7z010-clg400-1 -data names -quiet 
Execute         ap_part_info -name xc7z010-clg400-1 -data info -quiet 
Execute         ap_part_info -name xc7z010-clg400-1 -data names -quiet 
Execute         ap_part_info -name xc7z010-clg400-1 -data info -quiet 
Execute         ap_part_info -name xc7z010-clg400-1 -data names -quiet 
Execute         ap_part_info -name xc7z010-clg400-1 -data info -quiet 
Execute         ap_part_info -name xc7z010-clg400-1 -data names -quiet 
Execute         ap_part_info -name xc7z010-clg400-1 -data info -quiet 
Command       ap_source done; 0.212 sec.
Execute       ap_part_info -name xc7z010-clg400-1 -data names -quiet 
Execute       ap_part_info -name xc7z010-clg400-1 -data info -quiet 
INFO-FLOW: DBG:CMD:       generate_ip_cores sim=0 export=0 expOnly=0 dstVlogDir=impl/.pcores/verilog_sim
Execute       source C:/Users/p/Desktop/source2/source2/PYNQ/hls/conv_core/solution1/.autopilot/db/global.setting.tcl 
Execute       source C:/Users/p/Desktop/source2/source2/PYNQ/hls/conv_core/solution1/.autopilot/db/Conv.compgen.tcl 
Execute       ap_part_info -name xc7z010-clg400-1 -data names -quiet 
Execute       ap_part_info -name xc7z010-clg400-1 -data info -quiet 
Execute       ap_part_info -name xc7z010-clg400-1 -data names -quiet 
Execute       ap_part_info -name xc7z010-clg400-1 -data info -quiet 
Execute       source C:/Users/p/Desktop/source2/source2/PYNQ/hls/conv_core/solution1/.autopilot/db/global.setting.tcl 
Execute       ap_part_info -name xc7z010-clg400-1 -data names -quiet 
Execute       ap_part_info -name xc7z010-clg400-1 -data info -quiet 
Execute       source C:/Users/p/Desktop/source2/source2/PYNQ/hls/conv_core/solution1/.autopilot/db/Conv.constraint.tcl 
Execute       source C:/Users/p/Desktop/source2/source2/PYNQ/hls/conv_core/solution1/.autopilot/db/Conv.tbgen.tcl 
INFO-FLOW: DBG:CMD:       hasPcoreIpAdapter=false #gSsdmPorts=0
INFO-FLOW: DBG:CMD: Skipping loadAnalyze_DB, #g_database=15
INFO-FLOW: DBG:CMD:       generate_json is_phase_csynth=1 g_has_adaptors=false generate_bd_files=0 #modelList=10 #gSsdmPorts=0
Execute       source C:/Xilinx/Vivado/2020.1/tps/tcl/tcllib1.11.1/fileutil/fileutil.tcl 
Execute         source C:/Xilinx/Vivado/2020.1/tps/tcl/tcllib1.11.1/cmdline/cmdline.tcl 
Execute       source C:/Users/p/Desktop/source2/source2/PYNQ/hls/conv_core/solution1/.autopilot/db/global.setting.tcl 
Execute       source C:/Users/p/Desktop/source2/source2/PYNQ/hls/conv_core/solution1/.autopilot/db/global.setting.tcl 
Execute       get_config_export -xo 
Execute       source C:/Users/p/Desktop/source2/source2/PYNQ/hls/conv_core/solution1/.autopilot/db/Conv.tbgen.tcl 
Execute       source C:/Users/p/Desktop/source2/source2/PYNQ/hls/conv_core/solution1/.autopilot/db/Conv.compgen.dataonly.tcl 
Execute       source C:/Users/p/Desktop/source2/source2/PYNQ/hls/conv_core/solution1/.autopilot/db/Conv.compgen.dataonly.tcl 
Execute       source C:/Users/p/Desktop/source2/source2/PYNQ/hls/conv_core/solution1/.autopilot/db/Conv.tbgen.tcl 
Execute       source C:/Users/p/Desktop/source2/source2/PYNQ/hls/conv_core/solution1/.autopilot/db/global.setting.tcl 
Execute       get_config_sdx -target 
Execute       source C:/Users/p/Desktop/source2/source2/PYNQ/hls/conv_core/solution1/.autopilot/db/Conv.rtl_wrap.cfg.tcl 
Execute       source C:/Users/p/Desktop/source2/source2/PYNQ/hls/conv_core/solution1/.autopilot/db/Conv.compgen.dataonly.tcl 
Execute       source C:/Users/p/Desktop/source2/source2/PYNQ/hls/conv_core/solution1/.autopilot/db/global.setting.tcl 
Execute       ap_part_info -name xc7z010-clg400-1 -data names -quiet 
Execute       ap_part_info -name xc7z010-clg400-1 -data info -quiet 
Execute       source C:/Users/p/Desktop/source2/source2/PYNQ/hls/conv_core/solution1/.autopilot/db/Conv.constraint.tcl 
Execute       sc_get_clocks Conv 
Execute       ap_part_info -name xc7z010-clg400-1 -data names -quiet 
Execute       ap_part_info -name xc7z010-clg400-1 -data info -quiet 
Execute       source C:/Users/p/Desktop/source2/source2/PYNQ/hls/conv_core/solution1/.autopilot/db/global.setting.tcl 
Execute       get_config_debug -directory 
Execute       source C:/Users/p/Desktop/source2/source2/PYNQ/hls/conv_core/solution1/impl/misc/Conv_ap_fadd_3_full_dsp_32_ip.tcl 
Execute       source C:/Users/p/Desktop/source2/source2/PYNQ/hls/conv_core/solution1/impl/misc/Conv_ap_fcmp_0_no_dsp_32_ip.tcl 
Execute       source C:/Users/p/Desktop/source2/source2/PYNQ/hls/conv_core/solution1/impl/misc/Conv_ap_fmul_2_max_dsp_32_ip.tcl 
Execute       source C:/Users/p/Desktop/source2/source2/PYNQ/hls/conv_core/solution1/.autopilot/db/Conv.tbgen.tcl 
Execute       get_config_sdx -target 
Execute       get_config_sdx -profile 
Execute       get_config_rtl -kernel_profile 
Execute       get_config_rtl -stall_sig_gen 
Execute       get_config_rtl -profile 
INFO-FLOW: DBG:CMD: add_json_sdx_info kernel file does not exist, skipping opencl info: C:/Users/p/Desktop/source2/source2/PYNQ/hls/conv_core/solution1/.autopilot/db/kernel.internal.xml
INFO-FLOW: DBG:CMD:       delete-temp-dirs (skipped for debug)
INFO: [HLS 200-111] Finished generating all RTL models Time (s): cpu = 00:00:08 ; elapsed = 00:00:23 . Memory (MB): peak = 955.496 ; gain = 862.305
INFO: [VHDL 208-304] Generating VHDL RTL for Conv.
INFO: [VLOG 209-307] Generating Verilog RTL for Conv.
Command     autosyn done; 4.305 sec.
Command   csynth_design done; 20.521 sec.
Command ap_source done; 22.643 sec.
Execute cleanup_all 
INFO-FLOW: Workspace C:/Users/p/Desktop/source2/source2/PYNQ/hls/conv_core/solution1 opened at Tue Nov 10 19:29:07 +0800 2020
Execute     config_clock -quiet -name default -period 10 -default=false 
INFO: [SYN 201-201] Setting up clock 'default' with a period of 10ns.
Execute     open_platform DefaultPlatform 
Execute     import_lib C:/Xilinx/Vivado/2020.1/common/technology/xilinx/zynq/zynq 
Execute       source C:/Xilinx/Vivado/2020.1/common/technology/xilinx/common/xilinx.lib 
Execute         source C:/Xilinx/Vivado/2020.1/common/technology/xilinx/interface/xilinx_interface.lib 
Execute           source C:/Xilinx/Vivado/2020.1/common/technology/xilinx/interface/plb46.lib 
Execute           source C:/Xilinx/Vivado/2020.1/common/technology/xilinx/interface/fsl.lib 
Execute           source C:/Xilinx/Vivado/2020.1/common/technology/xilinx/interface/axi4.lib 
Execute           source C:/Xilinx/Vivado/2020.1/common/technology/xilinx/interface/maxi.lib 
Execute           source C:/Xilinx/Vivado/2020.1/common/technology/xilinx/interface/saxilite.lib 
Execute         source C:/Xilinx/Vivado/2020.1/common/technology/xilinx/common/dsp48.lib 
Execute         source C:/Xilinx/Vivado/2020.1/common/technology/xilinx/ip/dds_compiler.lib 
Execute         source C:/Xilinx/Vivado/2020.1/common/technology/xilinx/ip/xfft.lib 
Execute         source C:/Xilinx/Vivado/2020.1/common/technology/xilinx/ip/xfir.lib 
Execute       source C:/Xilinx/Vivado/2020.1/common/technology/xilinx/common/xilinx.hlp 
Execute         source C:/Xilinx/Vivado/2020.1/common/technology/xilinx/common/target_info.tcl 
Execute         source C:/Xilinx/Vivado/2020.1/common/technology/xilinx/interface/xilinx_interface.hlp 
Execute           source C:/Xilinx/Vivado/2020.1/common/technology/xilinx/interface/maxi.hlp 
Execute           source C:/Xilinx/Vivado/2020.1/common/technology/xilinx/interface/saxilite.hlp 
Execute         source C:/Xilinx/Vivado/2020.1/common/technology/xilinx/common/dsp48.hlp 
Execute       source C:/Xilinx/Vivado/2020.1/common/technology/xilinx/zynq/dsp48e1.hlp 
Execute       source C:/Xilinx/Vivado/2020.1/common/technology/xilinx/common/xilinx.hlp 
Execute         source C:/Xilinx/Vivado/2020.1/common/technology/xilinx/common/target_info.tcl 
Execute         source C:/Xilinx/Vivado/2020.1/common/technology/xilinx/interface/xilinx_interface.hlp 
Execute           source C:/Xilinx/Vivado/2020.1/common/technology/xilinx/interface/maxi.hlp 
Execute           source C:/Xilinx/Vivado/2020.1/common/technology/xilinx/interface/saxilite.hlp 
Execute         source C:/Xilinx/Vivado/2020.1/common/technology/xilinx/common/dsp48.hlp 
Execute     source C:/Xilinx/Vivado/2020.1/common/technology/xilinx/zynq/zynq.gen 
Execute       source C:/Xilinx/Vivado/2020.1/common/technology/xilinx/common/xilinx.gen 
Execute         source C:/Xilinx/Vivado/2020.1/common/technology/xilinx/interface/plb46.gen 
Execute         source C:/Xilinx/Vivado/2020.1/common/technology/xilinx/interface/fsl.gen 
Execute         source C:/Xilinx/Vivado/2020.1/common/technology/xilinx/interface/axi4.gen 
Execute         source C:/Xilinx/Vivado/2020.1/common/technology/xilinx/interface/nativeAXI4.gen 
Execute           source C:/Xilinx/Vivado/2020.1/common/technology/xilinx/interface/saxilite.gen 
Execute           source C:/Xilinx/Vivado/2020.1/common/technology/xilinx/interface/maxi.gen 
Execute         source C:/Xilinx/Vivado/2020.1/common/technology/xilinx/scripts/xilinxcoregen.gen 
Execute         source C:/Xilinx/Vivado/2020.1/common/technology/xilinx/interface/XilEDKCoreGen.gen 
Execute         source C:/Xilinx/Vivado/2020.1/common/technology/xilinx/ip/dds_compiler.gen 
Execute         source C:/Xilinx/Vivado/2020.1/common/technology/xilinx/ip/util.gen 
Execute         source C:/Xilinx/Vivado/2020.1/common/technology/xilinx/ip/xfft.gen 
Command         ap_source done; 0.102 sec.
Execute         source C:/Xilinx/Vivado/2020.1/common/technology/xilinx/ip/xfir.gen 
Execute         source C:/Xilinx/Vivado/2020.1/common/technology/xilinx/common/dsp48.gen 
Command       ap_source done; 0.156 sec.
Command     ap_source done; 0.156 sec.
Execute     open_platform DefaultPlatform 
Execute     import_lib C:/Xilinx/Vivado/2020.1/common/technology/xilinx/zynq/zynq_fpv6 
Execute       source C:/Xilinx/Vivado/2020.1/common/technology/xilinx/common/xilinx_fp.lib 
Execute       source C:/Xilinx/Vivado/2020.1/common/technology/xilinx/common/xilinx_fp.hlp 
Execute         source C:/Xilinx/Vivado/2020.1/common/technology/xilinx/common/xilinx.hlp 
Execute           source C:/Xilinx/Vivado/2020.1/common/technology/xilinx/common/target_info.tcl 
Execute           source C:/Xilinx/Vivado/2020.1/common/technology/xilinx/interface/xilinx_interface.hlp 
Execute             source C:/Xilinx/Vivado/2020.1/common/technology/xilinx/interface/maxi.hlp 
Execute             source C:/Xilinx/Vivado/2020.1/common/technology/xilinx/interface/saxilite.hlp 
Execute           source C:/Xilinx/Vivado/2020.1/common/technology/xilinx/common/dsp48.hlp 
Execute     source C:/Xilinx/Vivado/2020.1/common/technology/xilinx/zynq/zynq_fpv6.gen 
Execute       source C:/Xilinx/Vivado/2020.1/common/technology/xilinx/common/xilinx_fp.gen 
Execute     set_part xc7z010clg400-1 
Execute       ap_part_info -name xc7z010clg400-1 -data single -quiet 
Command       ap_part_info done; 1.109 sec.
Execute       ap_part_info -name xc7z010clg400-1 -data info 
Execute       add_library xilinx/zynq/zynq:xc7z010:-clg400:-1 
Execute         get_default_platform 
Execute         ap_part_info -data single -name xc7z010-clg400-1 
Execute         ap_part_info -name xc7z010-clg400-1 -data resources 
Execute         ap_part_info -name xc7z010-clg400-1 -data info 
Execute         ap_part_info -name xc7z010-clg400-1 -data info 
Execute         config_chip_info -quiet -resource {SLICE 4400} {LUT 17600} {FF 35200} {DSP48E 80} {BRAM 120} {URAM 0} 
Execute         ap_part_info -name xc7z010-clg400-1 -data info 
Execute         config_chip_info -quiet -speed slow 
Command       add_library done; 0.112 sec.
Execute       add_library xilinx/zynq/zynq_fpv6 
Execute         get_default_platform 
INFO: [HLS 200-10] Setting target device to 'xc7z010-clg400-1'
Execute       ap_part_info -name xc7z010-clg400-1 -data info 
Execute       get_default_platform 
Command     set_part done; 1.386 sec.
Execute     ap_part_info -data single -name xc7z010clg400-1 
Execute     ap_part_info -name xc7z010clg400-1 -data resources 
Execute     ap_part_info -name xc7z010clg400-1 -data info 
Execute     ap_part_info -name xc7z010clg400-1 -data info 
Execute     config_chip_info -quiet -resource {SLICE 4400} {LUT 17600} {FF 35200} {DSP48E 80} {BRAM 120} {URAM 0} 
Execute     ap_part_info -name xc7z010clg400-1 -data info 
Execute     config_chip_info -quiet -speed slow 
Command   open_solution done; 1.686 sec.
Execute   export_design -rtl verilog -format ip_catalog 
Execute     get_config_export -acc 
Execute     get_config_export -clock_margin 
Execute     get_config_export -custom_script 
Execute     get_config_export -description 
Execute     get_config_export -display_name 
Execute     get_config_export -driver_input_dir 
Execute     get_config_export -ipname 
Execute     get_config_export -kernel_drc 
Execute     get_config_export -library 
Execute     get_config_export -qor_test 
Execute     get_config_export -sdaccel 
Execute     get_config_export -sim 
Execute     get_config_export -taxonomy 
Execute     get_config_export -use_ip 
Execute     get_config_export -use_netlist 
Execute     get_config_export -vendor 
Execute     get_config_export -version 
Execute     get_config_export -xo 
Execute     config_export -format=ip_catalog -rtl=verilog 
INFO-FLOW: DBG:CMD: export_design_wrap: -format ip_catalog -rtl verilog
Execute     source C:/Users/p/Desktop/source2/source2/PYNQ/hls/conv_core/solution1/.autopilot/db/global.setting.tcl 
Execute     get_config_export -vivado_clock 
Execute     get_top 
Execute     get_config_sdx -target 
Execute     get_config_rtl -module_auto_prefix 
Execute     get_config_sdx -target 
Execute     get_config_sdx -target 
INFO-FLOW: DBG:CMD:   auto_impl: pack: -export -tool vivado -rtl verilog -sdx-target none
Execute     source C:/Users/p/Desktop/source2/source2/PYNQ/hls/conv_core/solution1/.autopilot/db/global.setting.tcl 
INFO-FLOW: DBG:CMD: read_platform_lib C:/Users/p/Desktop/source2/source2/PYNQ/hls/conv_core/solution1/.autopilot/db/global.setting.tcl
Execute     source C:/Xilinx/Vivado/2020.1/common/technology/generic/autopilot/common.gen 
Execute       source C:/Xilinx/Vivado/2020.1/common/technology/generic/autopilot/APCoreGen.gen 
Execute     source C:/Xilinx/Vivado/2020.1/common/technology/generic/autopilot/op.gen 
Execute     source C:/Xilinx/Vivado/2020.1/common/technology/generic/autopilot/op_simcore.gen 
Execute     source C:/Xilinx/Vivado/2020.1/common/technology/generic/autopilot/interface.gen 
Execute     source C:/Users/p/Desktop/source2/source2/PYNQ/hls/conv_core/solution1/.autopilot/db/global.setting.tcl 
Execute     source C:/Xilinx/Vivado/2020.1/common/technology/xilinx/zynq/zynq.gen 
Execute       source C:/Xilinx/Vivado/2020.1/common/technology/xilinx/common/xilinx.gen 
Execute         source C:/Xilinx/Vivado/2020.1/common/technology/xilinx/interface/plb46.gen 
Execute         source C:/Xilinx/Vivado/2020.1/common/technology/xilinx/interface/fsl.gen 
Execute         source C:/Xilinx/Vivado/2020.1/common/technology/xilinx/interface/axi4.gen 
Execute         source C:/Xilinx/Vivado/2020.1/common/technology/xilinx/interface/nativeAXI4.gen 
Execute           source C:/Xilinx/Vivado/2020.1/common/technology/xilinx/interface/saxilite.gen 
Execute           source C:/Xilinx/Vivado/2020.1/common/technology/xilinx/interface/maxi.gen 
Execute         source C:/Xilinx/Vivado/2020.1/common/technology/xilinx/scripts/xilinxcoregen.gen 
Execute         source C:/Xilinx/Vivado/2020.1/common/technology/xilinx/interface/XilEDKCoreGen.gen 
Execute         source C:/Xilinx/Vivado/2020.1/common/technology/xilinx/ip/dds_compiler.gen 
Execute         source C:/Xilinx/Vivado/2020.1/common/technology/xilinx/ip/util.gen 
Execute         source C:/Xilinx/Vivado/2020.1/common/technology/xilinx/ip/xfft.gen 
Execute         source C:/Xilinx/Vivado/2020.1/common/technology/xilinx/ip/xfir.gen 
Execute         source C:/Xilinx/Vivado/2020.1/common/technology/xilinx/common/dsp48.gen 
Command       ap_source done; 0.13 sec.
Command     ap_source done; 0.13 sec.
Execute     source C:/Xilinx/Vivado/2020.1/common/technology/xilinx/zynq/zynq_fpv6.gen 
Execute       source C:/Xilinx/Vivado/2020.1/common/technology/xilinx/common/xilinx_fp.gen 
INFO-FLOW: DBG:CMD:   using AESL_AUTOCG::g_clock_period=10.000 (was NA)
Execute     ap_part_info -name xc7z010-clg400-1 -data names -quiet 
Execute     ap_part_info -name xc7z010-clg400-1 -data info -quiet 
Execute     source C:/Users/p/Desktop/source2/source2/PYNQ/hls/conv_core/solution1/.autopilot/db/global.setting.tcl 
INFO: [IMPL 213-8] Exporting RTL as a Vivado IP.
Execute     source C:/Users/p/Desktop/source2/source2/PYNQ/hls/conv_core/solution1/.autopilot/db/global.setting.tcl 
INFO-FLOW: DBG:CMD: automg_wrap -export -pcore_version 1.00.a -rtl vlog -sdx-target none -tool Vivado -impltomg_flag
INFO-FLOW: DBG:CMD:     auto_generate -export -pcore_version 1.00.a -rtl vlog -sdx-target none -tool Vivado -impltomg_flag
Execute     source C:/Users/p/Desktop/source2/source2/PYNQ/hls/conv_core/solution1/.autopilot/db/global.setting.tcl 
INFO-FLOW: DBG:CMD: read_platform_lib C:/Users/p/Desktop/source2/source2/PYNQ/hls/conv_core/solution1/.autopilot/db/global.setting.tcl
Execute     source C:/Xilinx/Vivado/2020.1/common/technology/generic/autopilot/common.gen 
Execute       source C:/Xilinx/Vivado/2020.1/common/technology/generic/autopilot/APCoreGen.gen 
Execute     source C:/Xilinx/Vivado/2020.1/common/technology/generic/autopilot/op.gen 
Execute     source C:/Xilinx/Vivado/2020.1/common/technology/generic/autopilot/op_simcore.gen 
Execute     source C:/Xilinx/Vivado/2020.1/common/technology/generic/autopilot/interface.gen 
Execute     source C:/Users/p/Desktop/source2/source2/PYNQ/hls/conv_core/solution1/.autopilot/db/global.setting.tcl 
Execute     source C:/Xilinx/Vivado/2020.1/common/technology/xilinx/zynq/zynq.gen 
Execute       source C:/Xilinx/Vivado/2020.1/common/technology/xilinx/common/xilinx.gen 
Execute         source C:/Xilinx/Vivado/2020.1/common/technology/xilinx/interface/plb46.gen 
Execute         source C:/Xilinx/Vivado/2020.1/common/technology/xilinx/interface/fsl.gen 
Execute         source C:/Xilinx/Vivado/2020.1/common/technology/xilinx/interface/axi4.gen 
Execute         source C:/Xilinx/Vivado/2020.1/common/technology/xilinx/interface/nativeAXI4.gen 
Execute           source C:/Xilinx/Vivado/2020.1/common/technology/xilinx/interface/saxilite.gen 
Execute           source C:/Xilinx/Vivado/2020.1/common/technology/xilinx/interface/maxi.gen 
Execute         source C:/Xilinx/Vivado/2020.1/common/technology/xilinx/scripts/xilinxcoregen.gen 
Execute         source C:/Xilinx/Vivado/2020.1/common/technology/xilinx/interface/XilEDKCoreGen.gen 
Execute         source C:/Xilinx/Vivado/2020.1/common/technology/xilinx/ip/dds_compiler.gen 
Execute         source C:/Xilinx/Vivado/2020.1/common/technology/xilinx/ip/util.gen 
Execute         source C:/Xilinx/Vivado/2020.1/common/technology/xilinx/ip/xfft.gen 
Execute         source C:/Xilinx/Vivado/2020.1/common/technology/xilinx/ip/xfir.gen 
Execute         source C:/Xilinx/Vivado/2020.1/common/technology/xilinx/common/dsp48.gen 
Command       ap_source done; 0.138 sec.
Command     ap_source done; 0.138 sec.
Execute     source C:/Xilinx/Vivado/2020.1/common/technology/xilinx/zynq/zynq_fpv6.gen 
Execute       source C:/Xilinx/Vivado/2020.1/common/technology/xilinx/common/xilinx_fp.gen 
INFO-FLOW: DBG:CMD:       initCTypeInfo top_module=Conv xml_exists=1
Execute     source C:/Users/p/Desktop/source2/source2/PYNQ/hls/conv_core/solution1/.autopilot/db/Conv.rtl_wrap.cfg.tcl 
Execute     source C:/Users/p/Desktop/source2/source2/PYNQ/hls/conv_core/solution1/.autopilot/db/Conv.rtl_wrap.cfg.tcl 
Execute     source C:/Users/p/Desktop/source2/source2/PYNQ/hls/conv_core/solution1/.autopilot/db/Conv.rtl_wrap.cfg.tcl 
Execute     source C:/Users/p/Desktop/source2/source2/PYNQ/hls/conv_core/solution1/.autopilot/db/Conv.tbgen.tcl 
Execute     source C:/Users/p/Desktop/source2/source2/PYNQ/hls/conv_core/solution1/.autopilot/db/Conv.tbgen.tcl 
INFO-FLOW: DBG:CMD:       export_impl_rtl
INFO-FLOW: DBG:CMD:       generate_ip_cores sim=0 export=0 expOnly=0 dstVlogDir=impl/.verilog
Execute     source C:/Users/p/Desktop/source2/source2/PYNQ/hls/conv_core/solution1/.autopilot/db/global.setting.tcl 
Execute     source C:/Users/p/Desktop/source2/source2/PYNQ/hls/conv_core/solution1/.autopilot/db/Conv.compgen.tcl 
Execute       ap_part_info -name xc7z010-clg400-1 -data names -quiet 
Execute       ap_part_info -name xc7z010-clg400-1 -data info -quiet 
Execute       ap_part_info -name xc7z010-clg400-1 -data names -quiet 
Execute       ap_part_info -name xc7z010-clg400-1 -data info -quiet 
Execute       ap_part_info -name xc7z010-clg400-1 -data names -quiet 
Execute       ap_part_info -name xc7z010-clg400-1 -data info -quiet 
Command     ap_source done; 0.183 sec.
INFO-FLOW: DBG:CMD:       generate_ip_cores sim=0 export=1 expOnly=1 dstVlogDir=impl/.pcores/verilog
Execute     source C:/Users/p/Desktop/source2/source2/PYNQ/hls/conv_core/solution1/.autopilot/db/global.setting.tcl 
Execute     source C:/Users/p/Desktop/source2/source2/PYNQ/hls/conv_core/solution1/.autopilot/db/Conv.compgen.tcl 
Execute       ap_part_info -name xc7z010-clg400-1 -data names -quiet 
Execute       ap_part_info -name xc7z010-clg400-1 -data info -quiet 
Execute       ap_part_info -name xc7z010-clg400-1 -data names -quiet 
Execute       ap_part_info -name xc7z010-clg400-1 -data info -quiet 
Execute       ap_part_info -name xc7z010-clg400-1 -data names -quiet 
Execute       ap_part_info -name xc7z010-clg400-1 -data info -quiet 
Execute       ap_part_info -name xc7z010-clg400-1 -data names -quiet 
Execute       ap_part_info -name xc7z010-clg400-1 -data info -quiet 
Execute       ap_part_info -name xc7z010-clg400-1 -data names -quiet 
Execute       ap_part_info -name xc7z010-clg400-1 -data info -quiet 
Execute       ap_part_info -name xc7z010-clg400-1 -data names -quiet 
Execute       ap_part_info -name xc7z010-clg400-1 -data info -quiet 
Command     ap_source done; 0.248 sec.
Execute     ap_part_info -name xc7z010-clg400-1 -data names -quiet 
Execute     ap_part_info -name xc7z010-clg400-1 -data info -quiet 
INFO-FLOW: DBG:CMD:       generate_ip_cores sim=0 export=0 expOnly=0 dstVlogDir=impl/.pcores/verilog_sim
Execute     source C:/Users/p/Desktop/source2/source2/PYNQ/hls/conv_core/solution1/.autopilot/db/global.setting.tcl 
Execute     source C:/Users/p/Desktop/source2/source2/PYNQ/hls/conv_core/solution1/.autopilot/db/Conv.compgen.tcl 
Execute     ap_part_info -name xc7z010-clg400-1 -data names -quiet 
Execute     ap_part_info -name xc7z010-clg400-1 -data info -quiet 
Execute     ap_part_info -name xc7z010-clg400-1 -data names -quiet 
Execute     ap_part_info -name xc7z010-clg400-1 -data info -quiet 
Execute     source C:/Users/p/Desktop/source2/source2/PYNQ/hls/conv_core/solution1/.autopilot/db/global.setting.tcl 
Execute     ap_part_info -name xc7z010-clg400-1 -data names -quiet 
Execute     ap_part_info -name xc7z010-clg400-1 -data info -quiet 
Execute     source C:/Users/p/Desktop/source2/source2/PYNQ/hls/conv_core/solution1/.autopilot/db/Conv.constraint.tcl 
Execute     source C:/Users/p/Desktop/source2/source2/PYNQ/hls/conv_core/solution1/.autopilot/db/Conv.tbgen.tcl 
INFO-FLOW: DBG:CMD:       hasPcoreIpAdapter=false #gSsdmPorts=0
INFO-FLOW: DBG:CMD:       copying IP vlog from C:/Users/p/Desktop/source2/source2/PYNQ/hls/conv_core/solution1/impl/verilog
INFO-FLOW: DBG:CMD:       copying IP vhdl from C:/Users/p/Desktop/source2/source2/PYNQ/hls/conv_core/solution1/impl/vhdl
INFO-FLOW: DBG:CMD:       copy ip_driver_dir 1_0 C:/Users/p/Desktop/source2/source2/PYNQ/hls/conv_core/solution1/.autopilot/db/driver
INFO-FLOW: DBG:CMD:       generate_ip_script #gSsdmPorts=0
Execute     ap_part_info -name xc7z010-clg400-1 -data names -quiet 
Execute     ap_part_info -name xc7z010-clg400-1 -data info -quiet 
Execute     ap_part_info -name xc7z010-clg400-1 -data names -quiet 
Execute     ap_part_info -name xc7z010-clg400-1 -data info -quiet 
Execute     source C:/Users/p/Desktop/source2/source2/PYNQ/hls/conv_core/solution1/.autopilot/db/Conv.compgen.dataonly.tcl 
Execute     source C:/Users/p/Desktop/source2/source2/PYNQ/hls/conv_core/solution1/.autopilot/db/Conv.compgen.dataonly.tcl 
Execute     source C:/Users/p/Desktop/source2/source2/PYNQ/hls/conv_core/solution1/.autopilot/db/Conv.tbgen.tcl 
Execute     source C:/Users/p/Desktop/source2/source2/PYNQ/hls/conv_core/solution1/.autopilot/db/global.setting.tcl 
Execute     get_config_sdx -target 
Execute     get_config_debug -directory 
INFO-FLOW: DBG:CMD:       generate_ip_auxiliary
Execute     ap_part_info -name xc7z010-clg400-1 -data names -quiet 
Execute     ap_part_info -name xc7z010-clg400-1 -data info -quiet 
Execute     source C:/Users/p/Desktop/source2/source2/PYNQ/hls/conv_core/solution1/.autopilot/db/global.setting.tcl 
INFO-FLOW: DBG:CMD:       prepArgInfo -> loadAnalyze_DB top_module=Conv
Execute     source C:/Users/p/Desktop/source2/source2/PYNQ/hls/conv_core/solution1/.autopilot/db/Conv.rtl_wrap.cfg.tcl 
Execute     source C:/Users/p/Desktop/source2/source2/PYNQ/hls/conv_core/solution1/.autopilot/db/Conv.rtl_wrap.cfg.tcl 
Execute     source C:/Users/p/Desktop/source2/source2/PYNQ/hls/conv_core/solution1/.autopilot/db/Conv.rtl_wrap.cfg.tcl 
Execute     source C:/Users/p/Desktop/source2/source2/PYNQ/hls/conv_core/solution1/.autopilot/db/Conv.tbgen.tcl 
Execute     source C:/Users/p/Desktop/source2/source2/PYNQ/hls/conv_core/solution1/.autopilot/db/Conv.tbgen.tcl 
Execute     source C:/Users/p/Desktop/source2/source2/PYNQ/hls/conv_core/solution1/.autopilot/db/Conv.tbgen.tcl 
INFO-FLOW: DBG:CMD:       generate_top_info
INFO-FLOW: DBG:CMD:       prepArgInfo -> loadAnalyze_DB top_module=Conv
Execute     source C:/Users/p/Desktop/source2/source2/PYNQ/hls/conv_core/solution1/.autopilot/db/Conv.rtl_wrap.cfg.tcl 
Execute     source C:/Users/p/Desktop/source2/source2/PYNQ/hls/conv_core/solution1/.autopilot/db/Conv.rtl_wrap.cfg.tcl 
Execute     source C:/Users/p/Desktop/source2/source2/PYNQ/hls/conv_core/solution1/.autopilot/db/Conv.rtl_wrap.cfg.tcl 
Execute     source C:/Users/p/Desktop/source2/source2/PYNQ/hls/conv_core/solution1/.autopilot/db/Conv.tbgen.tcl 
Execute     source C:/Users/p/Desktop/source2/source2/PYNQ/hls/conv_core/solution1/.autopilot/db/Conv.tbgen.tcl 
Execute     ap_part_info -name xc7z010-clg400-1 -data names -quiet 
Execute     ap_part_info -name xc7z010-clg400-1 -data info -quiet 
Execute     source C:/Users/p/Desktop/source2/source2/PYNQ/hls/conv_core/solution1/.autopilot/db/global.setting.tcl 
Execute     ap_part_info -name xc7z010-clg400-1 -data names -quiet 
Execute     ap_part_info -name xc7z010-clg400-1 -data info -quiet 
Execute     ap_part_info -name xc7z010-clg400-1 -data names -quiet 
Execute     ap_part_info -name xc7z010-clg400-1 -data info -quiet 
Execute     source C:/Users/p/Desktop/source2/source2/PYNQ/hls/conv_core/solution1/.autopilot/db/Conv.tbgen.tcl 
Execute     source C:/Users/p/Desktop/source2/source2/PYNQ/hls/conv_core/solution1/.autopilot/db/global.setting.tcl 
Execute     source C:/Users/p/Desktop/source2/source2/PYNQ/hls/conv_core/solution1/.autopilot/db/Conv.constraint.tcl 
INFO-FLOW: DBG:CMD:       generate_ipi_example_script
Execute     ap_part_info -name xc7z010-clg400-1 -data names -quiet 
Execute     ap_part_info -name xc7z010-clg400-1 -data info -quiet 
Execute     ap_part_info -name xc7z010-clg400-1 -data names -quiet 
Execute     ap_part_info -name xc7z010-clg400-1 -data info -quiet 
INFO-FLOW: DBG:CMD:       generate_syn_sh
Execute     ap_part_info -name xc7z010-clg400-1 -data names -quiet 
Execute     ap_part_info -name xc7z010-clg400-1 -data info -quiet 
Execute     source C:/Users/p/Desktop/source2/source2/PYNQ/hls/conv_core/solution1/.autopilot/db/global.setting.tcl 
INFO-FLOW: DBG:CMD:       generate_imp_constraints
Execute     ap_part_info -name xc7z010-clg400-1 -data names -quiet 
Execute     ap_part_info -name xc7z010-clg400-1 -data info -quiet 
Execute     source C:/Users/p/Desktop/source2/source2/PYNQ/hls/conv_core/solution1/.autopilot/db/Conv.constraint.tcl 
Execute     source C:/Users/p/Desktop/source2/source2/PYNQ/hls/conv_core/solution1/.autopilot/db/Conv.tbgen.tcl 
INFO-FLOW: DBG:CMD:       delete-temp-dirs (skipped for debug)
Execute     ap_part_info -name xc7z010-clg400-1 -data names -quiet 
Execute     ap_part_info -name xc7z010-clg400-1 -data info -quiet 
INFO-FLOW: DBG:CMD: read_platform_lib C:/Users/p/Desktop/source2/source2/PYNQ/hls/conv_core/solution1/.autopilot/db/global.setting.tcl
Execute     source C:/Xilinx/Vivado/2020.1/common/technology/generic/autopilot/common.gen 
Execute       source C:/Xilinx/Vivado/2020.1/common/technology/generic/autopilot/APCoreGen.gen 
Execute     source C:/Xilinx/Vivado/2020.1/common/technology/generic/autopilot/op.gen 
Execute     source C:/Xilinx/Vivado/2020.1/common/technology/generic/autopilot/op_simcore.gen 
Execute     source C:/Xilinx/Vivado/2020.1/common/technology/generic/autopilot/interface.gen 
Execute     source C:/Users/p/Desktop/source2/source2/PYNQ/hls/conv_core/solution1/.autopilot/db/global.setting.tcl 
Execute     source C:/Xilinx/Vivado/2020.1/common/technology/xilinx/zynq/zynq.gen 
Execute       source C:/Xilinx/Vivado/2020.1/common/technology/xilinx/common/xilinx.gen 
Execute         source C:/Xilinx/Vivado/2020.1/common/technology/xilinx/interface/plb46.gen 
Execute         source C:/Xilinx/Vivado/2020.1/common/technology/xilinx/interface/fsl.gen 
Execute         source C:/Xilinx/Vivado/2020.1/common/technology/xilinx/interface/axi4.gen 
Execute         source C:/Xilinx/Vivado/2020.1/common/technology/xilinx/interface/nativeAXI4.gen 
Execute           source C:/Xilinx/Vivado/2020.1/common/technology/xilinx/interface/saxilite.gen 
Execute           source C:/Xilinx/Vivado/2020.1/common/technology/xilinx/interface/maxi.gen 
Execute         source C:/Xilinx/Vivado/2020.1/common/technology/xilinx/scripts/xilinxcoregen.gen 
Execute         source C:/Xilinx/Vivado/2020.1/common/technology/xilinx/interface/XilEDKCoreGen.gen 
Execute         source C:/Xilinx/Vivado/2020.1/common/technology/xilinx/ip/dds_compiler.gen 
Execute         source C:/Xilinx/Vivado/2020.1/common/technology/xilinx/ip/util.gen 
Execute         source C:/Xilinx/Vivado/2020.1/common/technology/xilinx/ip/xfft.gen 
Execute         source C:/Xilinx/Vivado/2020.1/common/technology/xilinx/ip/xfir.gen 
Execute         source C:/Xilinx/Vivado/2020.1/common/technology/xilinx/common/dsp48.gen 
Command       ap_source done; 0.149 sec.
Command     ap_source done; 0.15 sec.
Execute     source C:/Xilinx/Vivado/2020.1/common/technology/xilinx/zynq/zynq_fpv6.gen 
Execute       source C:/Xilinx/Vivado/2020.1/common/technology/xilinx/common/xilinx_fp.gen 
Execute     ap_part_info -name xc7z010-clg400-1 -data names -quiet 
Execute     ap_part_info -name xc7z010-clg400-1 -data info -quiet 
INFO-FLOW: DBG:CMD:     exec C:/Users/p/Desktop/source2/source2/PYNQ/hls/conv_core/solution1/impl/ip/pack.bat
Command   export_design done; 25.44 sec.
Command ap_source done; 27.131 sec.
Execute cleanup_all 
